[26-Feb-2021 17:28:56 UTC] PHP Parse error:  syntax error, unexpected ''nav_menu'' (T_CONSTANT_ENCAPSED_STRING), expecting ')' in C:\Users\COBNETCKNN\Local Sites\howcroatia\app\public\wp-content\themes\wp-howcroatia\functions.php on line 20
[26-Feb-2021 17:28:56 UTC] PHP Parse error:  syntax error, unexpected ''nav_menu'' (T_CONSTANT_ENCAPSED_STRING), expecting ')' in C:\Users\COBNETCKNN\Local Sites\howcroatia\app\public\wp-content\themes\wp-howcroatia\functions.php on line 20
[26-Feb-2021 17:29:09 UTC] PHP Parse error:  syntax error, unexpected ''primary'' (T_CONSTANT_ENCAPSED_STRING), expecting ')' in C:\Users\COBNETCKNN\Local Sites\howcroatia\app\public\wp-content\themes\wp-howcroatia\functions.php on line 20
[26-Feb-2021 17:29:09 UTC] PHP Parse error:  syntax error, unexpected ''primary'' (T_CONSTANT_ENCAPSED_STRING), expecting ')' in C:\Users\COBNETCKNN\Local Sites\howcroatia\app\public\wp-content\themes\wp-howcroatia\functions.php on line 20
[26-Feb-2021 17:29:36 UTC] PHP Parse error:  syntax error, unexpected ''nav_menu'' (T_CONSTANT_ENCAPSED_STRING), expecting ')' in C:\Users\COBNETCKNN\Local Sites\howcroatia\app\public\wp-content\themes\wp-howcroatia\functions.php on line 20
[26-Feb-2021 17:29:36 UTC] PHP Parse error:  syntax error, unexpected ''nav_menu'' (T_CONSTANT_ENCAPSED_STRING), expecting ')' in C:\Users\COBNETCKNN\Local Sites\howcroatia\app\public\wp-content\themes\wp-howcroatia\functions.php on line 20
[26-Feb-2021 17:29:44 UTC] PHP Parse error:  syntax error, unexpected ''primary'' (T_CONSTANT_ENCAPSED_STRING), expecting ')' in C:\Users\COBNETCKNN\Local Sites\howcroatia\app\public\wp-content\themes\wp-howcroatia\functions.php on line 20
[26-Feb-2021 17:29:44 UTC] PHP Parse error:  syntax error, unexpected ''primary'' (T_CONSTANT_ENCAPSED_STRING), expecting ')' in C:\Users\COBNETCKNN\Local Sites\howcroatia\app\public\wp-content\themes\wp-howcroatia\functions.php on line 20
[28-Feb-2021 19:57:37 UTC] PHP Parse error:  syntax error, unexpected '}' in C:\Users\COBNETCKNN\Local Sites\howcroatia\app\public\wp-content\themes\wp-howcroatia\front-page.php on line 41
[28-Feb-2021 20:08:55 UTC] PHP Parse error:  syntax error, unexpected 'the_field' (T_STRING) in C:\Users\COBNETCKNN\Local Sites\howcroatia\app\public\wp-content\themes\wp-howcroatia\front-page.php on line 40
[02-Mar-2021 15:35:53 UTC] PHP Parse error:  syntax error, unexpected ''order'' (T_CONSTANT_ENCAPSED_STRING), expecting ')' in C:\Users\COBNETCKNN\Local Sites\howcroatia\app\public\wp-content\themes\wp-howcroatia\single.php on line 48
[04-Mar-2021 17:29:40 UTC] PHP Warning:  Invalid argument supplied for foreach() in C:\Users\COBNETCKNN\Local Sites\howcroatia\app\public\wp-includes\class-wp-post-type.php on line 650
[04-Mar-2021 17:29:40 UTC] PHP Stack trace:
[04-Mar-2021 17:29:40 UTC] PHP   1. {main}() C:\Users\COBNETCKNN\Local Sites\howcroatia\app\public\wp-admin\post.php:0
[04-Mar-2021 17:29:40 UTC] PHP   2. require_once() C:\Users\COBNETCKNN\Local Sites\howcroatia\app\public\wp-admin\post.php:12
[04-Mar-2021 17:29:40 UTC] PHP   3. require_once() C:\Users\COBNETCKNN\Local Sites\howcroatia\app\public\wp-admin\admin.php:34
[04-Mar-2021 17:29:40 UTC] PHP   4. require_once() C:\Users\COBNETCKNN\Local Sites\howcroatia\app\public\wp-load.php:37
[04-Mar-2021 17:29:40 UTC] PHP   5. require_once() C:\Users\COBNETCKNN\Local Sites\howcroatia\app\public\wp-config.php:77
[04-Mar-2021 17:29:40 UTC] PHP   6. do_action() C:\Users\COBNETCKNN\Local Sites\howcroatia\app\public\wp-settings.php:557
[04-Mar-2021 17:29:40 UTC] PHP   7. WP_Hook->do_action() C:\Users\COBNETCKNN\Local Sites\howcroatia\app\public\wp-includes\plugin.php:484
[04-Mar-2021 17:29:40 UTC] PHP   8. WP_Hook->apply_filters() C:\Users\COBNETCKNN\Local Sites\howcroatia\app\public\wp-includes\class-wp-hook.php:311
[04-Mar-2021 17:29:40 UTC] PHP   9. howcroatia_post_types() C:\Users\COBNETCKNN\Local Sites\howcroatia\app\public\wp-includes\class-wp-hook.php:287
[04-Mar-2021 17:29:40 UTC] PHP  10. register_post_type() C:\Users\COBNETCKNN\Local Sites\howcroatia\app\public\wp-content\mu-plugins\howcroatia-post-types.php:73
[04-Mar-2021 17:29:40 UTC] PHP  11. WP_Post_Type->register_taxonomies() C:\Users\COBNETCKNN\Local Sites\howcroatia\app\public\wp-includes\post.php:1453
[04-Mar-2021 17:29:40 UTC] PHP Warning:  Cannot modify header information - headers already sent by (output started at C:\Users\COBNETCKNN\Local Sites\howcroatia\app\public\wp-includes\class-wp-post-type.php:650) in C:\Users\COBNETCKNN\Local Sites\howcroatia\app\public\wp-includes\functions.php on line 6360
[04-Mar-2021 17:29:40 UTC] PHP Stack trace:
[04-Mar-2021 17:29:40 UTC] PHP   1. {main}() C:\Users\COBNETCKNN\Local Sites\howcroatia\app\public\wp-admin\post.php:0
[04-Mar-2021 17:29:40 UTC] PHP   2. require_once() C:\Users\COBNETCKNN\Local Sites\howcroatia\app\public\wp-admin\post.php:12
[04-Mar-2021 17:29:40 UTC] PHP   3. do_action() C:\Users\COBNETCKNN\Local Sites\howcroatia\app\public\wp-admin\admin.php:175
[04-Mar-2021 17:29:40 UTC] PHP   4. WP_Hook->do_action() C:\Users\COBNETCKNN\Local Sites\howcroatia\app\public\wp-includes\plugin.php:484
[04-Mar-2021 17:29:40 UTC] PHP   5. WP_Hook->apply_filters() C:\Users\COBNETCKNN\Local Sites\howcroatia\app\public\wp-includes\class-wp-hook.php:311
[04-Mar-2021 17:29:40 UTC] PHP   6. send_frame_options_header() C:\Users\COBNETCKNN\Local Sites\howcroatia\app\public\wp-includes\class-wp-hook.php:285
[04-Mar-2021 17:29:40 UTC] PHP   7. header() C:\Users\COBNETCKNN\Local Sites\howcroatia\app\public\wp-includes\functions.php:6360
[04-Mar-2021 17:29:40 UTC] PHP Warning:  Cannot modify header information - headers already sent by (output started at C:\Users\COBNETCKNN\Local Sites\howcroatia\app\public\wp-includes\class-wp-post-type.php:650) in C:\Users\COBNETCKNN\Local Sites\howcroatia\app\public\wp-admin\includes\misc.php on line 1310
[04-Mar-2021 17:29:40 UTC] PHP Stack trace:
[04-Mar-2021 17:29:40 UTC] PHP   1. {main}() C:\Users\COBNETCKNN\Local Sites\howcroatia\app\public\wp-admin\post.php:0
[04-Mar-2021 17:29:40 UTC] PHP   2. require_once() C:\Users\COBNETCKNN\Local Sites\howcroatia\app\public\wp-admin\post.php:12
[04-Mar-2021 17:29:40 UTC] PHP   3. do_action() C:\Users\COBNETCKNN\Local Sites\howcroatia\app\public\wp-admin\admin.php:175
[04-Mar-2021 17:29:40 UTC] PHP   4. WP_Hook->do_action() C:\Users\COBNETCKNN\Local Sites\howcroatia\app\public\wp-includes\plugin.php:484
[04-Mar-2021 17:29:40 UTC] PHP   5. WP_Hook->apply_filters() C:\Users\COBNETCKNN\Local Sites\howcroatia\app\public\wp-includes\class-wp-hook.php:311
[04-Mar-2021 17:29:40 UTC] PHP   6. wp_admin_headers() C:\Users\COBNETCKNN\Local Sites\howcroatia\app\public\wp-includes\class-wp-hook.php:287
[04-Mar-2021 17:29:40 UTC] PHP   7. header() C:\Users\COBNETCKNN\Local Sites\howcroatia\app\public\wp-admin\includes\misc.php:1310
[04-Mar-2021 17:29:40 UTC] PHP Warning:  Cannot modify header information - headers already sent by (output started at C:\Users\COBNETCKNN\Local Sites\howcroatia\app\public\wp-includes\class-wp-post-type.php:650) in C:\Users\COBNETCKNN\Local Sites\howcroatia\app\public\wp-admin\admin-header.php on line 9
[04-Mar-2021 17:29:40 UTC] PHP Stack trace:
[04-Mar-2021 17:29:40 UTC] PHP   1. {main}() C:\Users\COBNETCKNN\Local Sites\howcroatia\app\public\wp-admin\post.php:0
[04-Mar-2021 17:29:40 UTC] PHP   2. require() C:\Users\COBNETCKNN\Local Sites\howcroatia\app\public\wp-admin\post.php:206
[04-Mar-2021 17:29:40 UTC] PHP   3. require_once() C:\Users\COBNETCKNN\Local Sites\howcroatia\app\public\wp-admin\edit-form-advanced.php:425
[04-Mar-2021 17:29:40 UTC] PHP   4. header() C:\Users\COBNETCKNN\Local Sites\howcroatia\app\public\wp-admin\admin-header.php:9
[04-Mar-2021 17:29:40 UTC] PHP Warning:  Invalid argument supplied for foreach() in C:\Users\COBNETCKNN\Local Sites\howcroatia\app\public\wp-includes\class-wp-post-type.php on line 650
[04-Mar-2021 17:29:40 UTC] PHP Stack trace:
[04-Mar-2021 17:29:40 UTC] PHP   1. {main}() C:\Users\COBNETCKNN\Local Sites\howcroatia\app\public\wp-admin\admin-ajax.php:0
[04-Mar-2021 17:29:40 UTC] PHP   2. require_once() C:\Users\COBNETCKNN\Local Sites\howcroatia\app\public\wp-admin\admin-ajax.php:22
[04-Mar-2021 17:29:40 UTC] PHP   3. require_once() C:\Users\COBNETCKNN\Local Sites\howcroatia\app\public\wp-load.php:37
[04-Mar-2021 17:29:40 UTC] PHP   4. require_once() C:\Users\COBNETCKNN\Local Sites\howcroatia\app\public\wp-config.php:77
[04-Mar-2021 17:29:40 UTC] PHP   5. do_action() C:\Users\COBNETCKNN\Local Sites\howcroatia\app\public\wp-settings.php:557
[04-Mar-2021 17:29:40 UTC] PHP   6. WP_Hook->do_action() C:\Users\COBNETCKNN\Local Sites\howcroatia\app\public\wp-includes\plugin.php:484
[04-Mar-2021 17:29:40 UTC] PHP   7. WP_Hook->apply_filters() C:\Users\COBNETCKNN\Local Sites\howcroatia\app\public\wp-includes\class-wp-hook.php:311
[04-Mar-2021 17:29:40 UTC] PHP   8. howcroatia_post_types() C:\Users\COBNETCKNN\Local Sites\howcroatia\app\public\wp-includes\class-wp-hook.php:287
[04-Mar-2021 17:29:40 UTC] PHP   9. register_post_type() C:\Users\COBNETCKNN\Local Sites\howcroatia\app\public\wp-content\mu-plugins\howcroatia-post-types.php:73
[04-Mar-2021 17:29:40 UTC] PHP  10. WP_Post_Type->register_taxonomies() C:\Users\COBNETCKNN\Local Sites\howcroatia\app\public\wp-includes\post.php:1453
[04-Mar-2021 17:29:41 UTC] PHP Warning:  Invalid argument supplied for foreach() in C:\Users\COBNETCKNN\Local Sites\howcroatia\app\public\wp-includes\class-wp-post-type.php on line 650
[04-Mar-2021 17:29:41 UTC] PHP Stack trace:
[04-Mar-2021 17:29:41 UTC] PHP   1. {main}() C:\Users\COBNETCKNN\Local Sites\howcroatia\app\public\index.php:0
[04-Mar-2021 17:29:41 UTC] PHP   2. require() C:\Users\COBNETCKNN\Local Sites\howcroatia\app\public\index.php:17
[04-Mar-2021 17:29:41 UTC] PHP   3. require_once() C:\Users\COBNETCKNN\Local Sites\howcroatia\app\public\wp-blog-header.php:13
[04-Mar-2021 17:29:41 UTC] PHP   4. require_once() C:\Users\COBNETCKNN\Local Sites\howcroatia\app\public\wp-load.php:37
[04-Mar-2021 17:29:41 UTC] PHP   5. require_once() C:\Users\COBNETCKNN\Local Sites\howcroatia\app\public\wp-config.php:77
[04-Mar-2021 17:29:41 UTC] PHP   6. do_action() C:\Users\COBNETCKNN\Local Sites\howcroatia\app\public\wp-settings.php:557
[04-Mar-2021 17:29:41 UTC] PHP   7. WP_Hook->do_action() C:\Users\COBNETCKNN\Local Sites\howcroatia\app\public\wp-includes\plugin.php:484
[04-Mar-2021 17:29:41 UTC] PHP   8. WP_Hook->apply_filters() C:\Users\COBNETCKNN\Local Sites\howcroatia\app\public\wp-includes\class-wp-hook.php:311
[04-Mar-2021 17:29:41 UTC] PHP   9. howcroatia_post_types() C:\Users\COBNETCKNN\Local Sites\howcroatia\app\public\wp-includes\class-wp-hook.php:287
[04-Mar-2021 17:29:41 UTC] PHP  10. register_post_type() C:\Users\COBNETCKNN\Local Sites\howcroatia\app\public\wp-content\mu-plugins\howcroatia-post-types.php:73
[04-Mar-2021 17:29:41 UTC] PHP  11. WP_Post_Type->register_taxonomies() C:\Users\COBNETCKNN\Local Sites\howcroatia\app\public\wp-includes\post.php:1453
[04-Mar-2021 17:29:41 UTC] PHP Warning:  Cannot modify header information - headers already sent by (output started at C:\Users\COBNETCKNN\Local Sites\howcroatia\app\public\wp-includes\class-wp-post-type.php:650) in C:\Users\COBNETCKNN\Local Sites\howcroatia\app\public\wp-includes\pluggable.php on line 1296
[04-Mar-2021 17:29:41 UTC] PHP Stack trace:
[04-Mar-2021 17:29:41 UTC] PHP   1. {main}() C:\Users\COBNETCKNN\Local Sites\howcroatia\app\public\index.php:0
[04-Mar-2021 17:29:41 UTC] PHP   2. require() C:\Users\COBNETCKNN\Local Sites\howcroatia\app\public\index.php:17
[04-Mar-2021 17:29:41 UTC] PHP   3. require_once() C:\Users\COBNETCKNN\Local Sites\howcroatia\app\public\wp-blog-header.php:19
[04-Mar-2021 17:29:41 UTC] PHP   4. do_action() C:\Users\COBNETCKNN\Local Sites\howcroatia\app\public\wp-includes\template-loader.php:45
[04-Mar-2021 17:29:41 UTC] PHP   5. WP_Hook->do_action() C:\Users\COBNETCKNN\Local Sites\howcroatia\app\public\wp-includes\plugin.php:484
[04-Mar-2021 17:29:41 UTC] PHP   6. WP_Hook->apply_filters() C:\Users\COBNETCKNN\Local Sites\howcroatia\app\public\wp-includes\class-wp-hook.php:311
[04-Mar-2021 17:29:41 UTC] PHP   7. do_favicon() C:\Users\COBNETCKNN\Local Sites\howcroatia\app\public\wp-includes\class-wp-hook.php:287
[04-Mar-2021 17:29:41 UTC] PHP   8. wp_redirect() C:\Users\COBNETCKNN\Local Sites\howcroatia\app\public\wp-includes\functions.php:1687
[04-Mar-2021 17:29:41 UTC] PHP   9. header() C:\Users\COBNETCKNN\Local Sites\howcroatia\app\public\wp-includes\pluggable.php:1296
[04-Mar-2021 17:29:41 UTC] PHP Warning:  Cannot modify header information - headers already sent by (output started at C:\Users\COBNETCKNN\Local Sites\howcroatia\app\public\wp-includes\class-wp-post-type.php:650) in C:\Users\COBNETCKNN\Local Sites\howcroatia\app\public\wp-includes\pluggable.php on line 1299
[04-Mar-2021 17:29:41 UTC] PHP Stack trace:
[04-Mar-2021 17:29:41 UTC] PHP   1. {main}() C:\Users\COBNETCKNN\Local Sites\howcroatia\app\public\index.php:0
[04-Mar-2021 17:29:41 UTC] PHP   2. require() C:\Users\COBNETCKNN\Local Sites\howcroatia\app\public\index.php:17
[04-Mar-2021 17:29:41 UTC] PHP   3. require_once() C:\Users\COBNETCKNN\Local Sites\howcroatia\app\public\wp-blog-header.php:19
[04-Mar-2021 17:29:41 UTC] PHP   4. do_action() C:\Users\COBNETCKNN\Local Sites\howcroatia\app\public\wp-includes\template-loader.php:45
[04-Mar-2021 17:29:41 UTC] PHP   5. WP_Hook->do_action() C:\Users\COBNETCKNN\Local Sites\howcroatia\app\public\wp-includes\plugin.php:484
[04-Mar-2021 17:29:41 UTC] PHP   6. WP_Hook->apply_filters() C:\Users\COBNETCKNN\Local Sites\howcroatia\app\public\wp-includes\class-wp-hook.php:311
[04-Mar-2021 17:29:41 UTC] PHP   7. do_favicon() C:\Users\COBNETCKNN\Local Sites\howcroatia\app\public\wp-includes\class-wp-hook.php:287
[04-Mar-2021 17:29:41 UTC] PHP   8. wp_redirect() C:\Users\COBNETCKNN\Local Sites\howcroatia\app\public\wp-includes\functions.php:1687
[04-Mar-2021 17:29:41 UTC] PHP   9. header() C:\Users\COBNETCKNN\Local Sites\howcroatia\app\public\wp-includes\pluggable.php:1299
[04-Mar-2021 17:29:50 UTC] PHP Warning:  Invalid argument supplied for foreach() in C:\Users\COBNETCKNN\Local Sites\howcroatia\app\public\wp-includes\class-wp-post-type.php on line 650
[04-Mar-2021 17:29:50 UTC] PHP Stack trace:
[04-Mar-2021 17:29:50 UTC] PHP   1. {main}() C:\Users\COBNETCKNN\Local Sites\howcroatia\app\public\wp-admin\about.php:0
[04-Mar-2021 17:29:50 UTC] PHP   2. require_once() C:\Users\COBNETCKNN\Local Sites\howcroatia\app\public\wp-admin\about.php:10
[04-Mar-2021 17:29:50 UTC] PHP   3. require_once() C:\Users\COBNETCKNN\Local Sites\howcroatia\app\public\wp-admin\admin.php:34
[04-Mar-2021 17:29:50 UTC] PHP   4. require_once() C:\Users\COBNETCKNN\Local Sites\howcroatia\app\public\wp-load.php:37
[04-Mar-2021 17:29:50 UTC] PHP   5. require_once() C:\Users\COBNETCKNN\Local Sites\howcroatia\app\public\wp-config.php:77
[04-Mar-2021 17:29:50 UTC] PHP   6. do_action() C:\Users\COBNETCKNN\Local Sites\howcroatia\app\public\wp-settings.php:557
[04-Mar-2021 17:29:50 UTC] PHP   7. WP_Hook->do_action() C:\Users\COBNETCKNN\Local Sites\howcroatia\app\public\wp-includes\plugin.php:484
[04-Mar-2021 17:29:50 UTC] PHP   8. WP_Hook->apply_filters() C:\Users\COBNETCKNN\Local Sites\howcroatia\app\public\wp-includes\class-wp-hook.php:311
[04-Mar-2021 17:29:50 UTC] PHP   9. howcroatia_post_types() C:\Users\COBNETCKNN\Local Sites\howcroatia\app\public\wp-includes\class-wp-hook.php:287
[04-Mar-2021 17:29:50 UTC] PHP  10. register_post_type() C:\Users\COBNETCKNN\Local Sites\howcroatia\app\public\wp-content\mu-plugins\howcroatia-post-types.php:73
[04-Mar-2021 17:29:50 UTC] PHP  11. WP_Post_Type->register_taxonomies() C:\Users\COBNETCKNN\Local Sites\howcroatia\app\public\wp-includes\post.php:1453
[04-Mar-2021 17:29:50 UTC] PHP Warning:  Cannot modify header information - headers already sent by (output started at C:\Users\COBNETCKNN\Local Sites\howcroatia\app\public\wp-includes\class-wp-post-type.php:650) in C:\Users\COBNETCKNN\Local Sites\howcroatia\app\public\wp-includes\functions.php on line 6360
[04-Mar-2021 17:29:50 UTC] PHP Stack trace:
[04-Mar-2021 17:29:50 UTC] PHP   1. {main}() C:\Users\COBNETCKNN\Local Sites\howcroatia\app\public\wp-admin\about.php:0
[04-Mar-2021 17:29:50 UTC] PHP   2. require_once() C:\Users\COBNETCKNN\Local Sites\howcroatia\app\public\wp-admin\about.php:10
[04-Mar-2021 17:29:50 UTC] PHP   3. do_action() C:\Users\COBNETCKNN\Local Sites\howcroatia\app\public\wp-admin\admin.php:175
[04-Mar-2021 17:29:50 UTC] PHP   4. WP_Hook->do_action() C:\Users\COBNETCKNN\Local Sites\howcroatia\app\public\wp-includes\plugin.php:484
[04-Mar-2021 17:29:50 UTC] PHP   5. WP_Hook->apply_filters() C:\Users\COBNETCKNN\Local Sites\howcroatia\app\public\wp-includes\class-wp-hook.php:311
[04-Mar-2021 17:29:50 UTC] PHP   6. send_frame_options_header() C:\Users\COBNETCKNN\Local Sites\howcroatia\app\public\wp-includes\class-wp-hook.php:285
[04-Mar-2021 17:29:50 UTC] PHP   7. header() C:\Users\COBNETCKNN\Local Sites\howcroatia\app\public\wp-includes\functions.php:6360
[04-Mar-2021 17:29:50 UTC] PHP Warning:  Cannot modify header information - headers already sent by (output started at C:\Users\COBNETCKNN\Local Sites\howcroatia\app\public\wp-includes\class-wp-post-type.php:650) in C:\Users\COBNETCKNN\Local Sites\howcroatia\app\public\wp-admin\includes\misc.php on line 1310
[04-Mar-2021 17:29:50 UTC] PHP Stack trace:
[04-Mar-2021 17:29:50 UTC] PHP   1. {main}() C:\Users\COBNETCKNN\Local Sites\howcroatia\app\public\wp-admin\about.php:0
[04-Mar-2021 17:29:50 UTC] PHP   2. require_once() C:\Users\COBNETCKNN\Local Sites\howcroatia\app\public\wp-admin\about.php:10
[04-Mar-2021 17:29:50 UTC] PHP   3. do_action() C:\Users\COBNETCKNN\Local Sites\howcroatia\app\public\wp-admin\admin.php:175
[04-Mar-2021 17:29:50 UTC] PHP   4. WP_Hook->do_action() C:\Users\COBNETCKNN\Local Sites\howcroatia\app\public\wp-includes\plugin.php:484
[04-Mar-2021 17:29:50 UTC] PHP   5. WP_Hook->apply_filters() C:\Users\COBNETCKNN\Local Sites\howcroatia\app\public\wp-includes\class-wp-hook.php:311
[04-Mar-2021 17:29:50 UTC] PHP   6. wp_admin_headers() C:\Users\COBNETCKNN\Local Sites\howcroatia\app\public\wp-includes\class-wp-hook.php:287
[04-Mar-2021 17:29:50 UTC] PHP   7. header() C:\Users\COBNETCKNN\Local Sites\howcroatia\app\public\wp-admin\includes\misc.php:1310
[04-Mar-2021 17:29:50 UTC] PHP Warning:  Cannot modify header information - headers already sent by (output started at C:\Users\COBNETCKNN\Local Sites\howcroatia\app\public\wp-includes\class-wp-post-type.php:650) in C:\Users\COBNETCKNN\Local Sites\howcroatia\app\public\wp-admin\admin-header.php on line 9
[04-Mar-2021 17:29:50 UTC] PHP Stack trace:
[04-Mar-2021 17:29:50 UTC] PHP   1. {main}() C:\Users\COBNETCKNN\Local Sites\howcroatia\app\public\wp-admin\about.php:0
[04-Mar-2021 17:29:50 UTC] PHP   2. require_once() C:\Users\COBNETCKNN\Local Sites\howcroatia\app\public\wp-admin\about.php:17
[04-Mar-2021 17:29:50 UTC] PHP   3. header() C:\Users\COBNETCKNN\Local Sites\howcroatia\app\public\wp-admin\admin-header.php:9
[04-Mar-2021 17:29:50 UTC] PHP Warning:  Invalid argument supplied for foreach() in C:\Users\COBNETCKNN\Local Sites\howcroatia\app\public\wp-includes\class-wp-post-type.php on line 650
[04-Mar-2021 17:29:50 UTC] PHP Stack trace:
[04-Mar-2021 17:29:50 UTC] PHP   1. {main}() C:\Users\COBNETCKNN\Local Sites\howcroatia\app\public\wp-admin\admin-ajax.php:0
[04-Mar-2021 17:29:50 UTC] PHP   2. require_once() C:\Users\COBNETCKNN\Local Sites\howcroatia\app\public\wp-admin\admin-ajax.php:22
[04-Mar-2021 17:29:50 UTC] PHP   3. require_once() C:\Users\COBNETCKNN\Local Sites\howcroatia\app\public\wp-load.php:37
[04-Mar-2021 17:29:50 UTC] PHP   4. require_once() C:\Users\COBNETCKNN\Local Sites\howcroatia\app\public\wp-config.php:77
[04-Mar-2021 17:29:50 UTC] PHP   5. do_action() C:\Users\COBNETCKNN\Local Sites\howcroatia\app\public\wp-settings.php:557
[04-Mar-2021 17:29:50 UTC] PHP   6. WP_Hook->do_action() C:\Users\COBNETCKNN\Local Sites\howcroatia\app\public\wp-includes\plugin.php:484
[04-Mar-2021 17:29:50 UTC] PHP   7. WP_Hook->apply_filters() C:\Users\COBNETCKNN\Local Sites\howcroatia\app\public\wp-includes\class-wp-hook.php:311
[04-Mar-2021 17:29:50 UTC] PHP   8. howcroatia_post_types() C:\Users\COBNETCKNN\Local Sites\howcroatia\app\public\wp-includes\class-wp-hook.php:287
[04-Mar-2021 17:29:50 UTC] PHP   9. register_post_type() C:\Users\COBNETCKNN\Local Sites\howcroatia\app\public\wp-content\mu-plugins\howcroatia-post-types.php:73
[04-Mar-2021 17:29:50 UTC] PHP  10. WP_Post_Type->register_taxonomies() C:\Users\COBNETCKNN\Local Sites\howcroatia\app\public\wp-includes\post.php:1453
[04-Mar-2021 17:29:51 UTC] PHP Warning:  Invalid argument supplied for foreach() in C:\Users\COBNETCKNN\Local Sites\howcroatia\app\public\wp-includes\class-wp-post-type.php on line 650
[04-Mar-2021 17:29:51 UTC] PHP Stack trace:
[04-Mar-2021 17:29:51 UTC] PHP   1. {main}() C:\Users\COBNETCKNN\Local Sites\howcroatia\app\public\index.php:0
[04-Mar-2021 17:29:51 UTC] PHP   2. require() C:\Users\COBNETCKNN\Local Sites\howcroatia\app\public\index.php:17
[04-Mar-2021 17:29:51 UTC] PHP   3. require_once() C:\Users\COBNETCKNN\Local Sites\howcroatia\app\public\wp-blog-header.php:13
[04-Mar-2021 17:29:51 UTC] PHP   4. require_once() C:\Users\COBNETCKNN\Local Sites\howcroatia\app\public\wp-load.php:37
[04-Mar-2021 17:29:51 UTC] PHP   5. require_once() C:\Users\COBNETCKNN\Local Sites\howcroatia\app\public\wp-config.php:77
[04-Mar-2021 17:29:51 UTC] PHP   6. do_action() C:\Users\COBNETCKNN\Local Sites\howcroatia\app\public\wp-settings.php:557
[04-Mar-2021 17:29:51 UTC] PHP   7. WP_Hook->do_action() C:\Users\COBNETCKNN\Local Sites\howcroatia\app\public\wp-includes\plugin.php:484
[04-Mar-2021 17:29:51 UTC] PHP   8. WP_Hook->apply_filters() C:\Users\COBNETCKNN\Local Sites\howcroatia\app\public\wp-includes\class-wp-hook.php:311
[04-Mar-2021 17:29:51 UTC] PHP   9. howcroatia_post_types() C:\Users\COBNETCKNN\Local Sites\howcroatia\app\public\wp-includes\class-wp-hook.php:287
[04-Mar-2021 17:29:51 UTC] PHP  10. register_post_type() C:\Users\COBNETCKNN\Local Sites\howcroatia\app\public\wp-content\mu-plugins\howcroatia-post-types.php:73
[04-Mar-2021 17:29:51 UTC] PHP  11. WP_Post_Type->register_taxonomies() C:\Users\COBNETCKNN\Local Sites\howcroatia\app\public\wp-includes\post.php:1453
[04-Mar-2021 17:29:51 UTC] PHP Warning:  Cannot modify header information - headers already sent by (output started at C:\Users\COBNETCKNN\Local Sites\howcroatia\app\public\wp-includes\class-wp-post-type.php:650) in C:\Users\COBNETCKNN\Local Sites\howcroatia\app\public\wp-includes\pluggable.php on line 1296
[04-Mar-2021 17:29:51 UTC] PHP Stack trace:
[04-Mar-2021 17:29:51 UTC] PHP   1. {main}() C:\Users\COBNETCKNN\Local Sites\howcroatia\app\public\index.php:0
[04-Mar-2021 17:29:51 UTC] PHP   2. require() C:\Users\COBNETCKNN\Local Sites\howcroatia\app\public\index.php:17
[04-Mar-2021 17:29:51 UTC] PHP   3. require_once() C:\Users\COBNETCKNN\Local Sites\howcroatia\app\public\wp-blog-header.php:19
[04-Mar-2021 17:29:51 UTC] PHP   4. do_action() C:\Users\COBNETCKNN\Local Sites\howcroatia\app\public\wp-includes\template-loader.php:45
[04-Mar-2021 17:29:51 UTC] PHP   5. WP_Hook->do_action() C:\Users\COBNETCKNN\Local Sites\howcroatia\app\public\wp-includes\plugin.php:484
[04-Mar-2021 17:29:51 UTC] PHP   6. WP_Hook->apply_filters() C:\Users\COBNETCKNN\Local Sites\howcroatia\app\public\wp-includes\class-wp-hook.php:311
[04-Mar-2021 17:29:51 UTC] PHP   7. do_favicon() C:\Users\COBNETCKNN\Local Sites\howcroatia\app\public\wp-includes\class-wp-hook.php:287
[04-Mar-2021 17:29:51 UTC] PHP   8. wp_redirect() C:\Users\COBNETCKNN\Local Sites\howcroatia\app\public\wp-includes\functions.php:1687
[04-Mar-2021 17:29:51 UTC] PHP   9. header() C:\Users\COBNETCKNN\Local Sites\howcroatia\app\public\wp-includes\pluggable.php:1296
[04-Mar-2021 17:29:51 UTC] PHP Warning:  Cannot modify header information - headers already sent by (output started at C:\Users\COBNETCKNN\Local Sites\howcroatia\app\public\wp-includes\class-wp-post-type.php:650) in C:\Users\COBNETCKNN\Local Sites\howcroatia\app\public\wp-includes\pluggable.php on line 1299
[04-Mar-2021 17:29:51 UTC] PHP Stack trace:
[04-Mar-2021 17:29:51 UTC] PHP   1. {main}() C:\Users\COBNETCKNN\Local Sites\howcroatia\app\public\index.php:0
[04-Mar-2021 17:29:51 UTC] PHP   2. require() C:\Users\COBNETCKNN\Local Sites\howcroatia\app\public\index.php:17
[04-Mar-2021 17:29:51 UTC] PHP   3. require_once() C:\Users\COBNETCKNN\Local Sites\howcroatia\app\public\wp-blog-header.php:19
[04-Mar-2021 17:29:51 UTC] PHP   4. do_action() C:\Users\COBNETCKNN\Local Sites\howcroatia\app\public\wp-includes\template-loader.php:45
[04-Mar-2021 17:29:51 UTC] PHP   5. WP_Hook->do_action() C:\Users\COBNETCKNN\Local Sites\howcroatia\app\public\wp-includes\plugin.php:484
[04-Mar-2021 17:29:51 UTC] PHP   6. WP_Hook->apply_filters() C:\Users\COBNETCKNN\Local Sites\howcroatia\app\public\wp-includes\class-wp-hook.php:311
[04-Mar-2021 17:29:51 UTC] PHP   7. do_favicon() C:\Users\COBNETCKNN\Local Sites\howcroatia\app\public\wp-includes\class-wp-hook.php:287
[04-Mar-2021 17:29:51 UTC] PHP   8. wp_redirect() C:\Users\COBNETCKNN\Local Sites\howcroatia\app\public\wp-includes\functions.php:1687
[04-Mar-2021 17:29:51 UTC] PHP   9. header() C:\Users\COBNETCKNN\Local Sites\howcroatia\app\public\wp-includes\pluggable.php:1299
[04-Mar-2021 17:46:22 UTC] PHP Fatal error:  Cannot redeclare hotelsRentalsLocationTaxonomy() (previously declared in C:\Users\COBNETCKNN\Local Sites\howcroatia\app\public\wp-content\themes\wp-howcroatia\functions.php:37) in C:\Users\COBNETCKNN\Local Sites\howcroatia\app\public\wp-content\mu-plugins\howcroatia-post-types.php on line 88
[04-Mar-2021 17:46:22 UTC] PHP Stack trace:
[04-Mar-2021 17:46:22 UTC] PHP   1. {main}() C:\Users\COBNETCKNN\Local Sites\howcroatia\app\public\wp-admin\post.php:0
[04-Mar-2021 17:46:22 UTC] PHP   2. require_once() C:\Users\COBNETCKNN\Local Sites\howcroatia\app\public\wp-admin\post.php:12
[04-Mar-2021 17:46:22 UTC] PHP   3. require_once() C:\Users\COBNETCKNN\Local Sites\howcroatia\app\public\wp-admin\admin.php:34
[04-Mar-2021 17:46:22 UTC] PHP   4. require_once() C:\Users\COBNETCKNN\Local Sites\howcroatia\app\public\wp-load.php:37
[04-Mar-2021 17:46:22 UTC] PHP   5. require_once() C:\Users\COBNETCKNN\Local Sites\howcroatia\app\public\wp-config.php:77
[04-Mar-2021 17:46:22 UTC] PHP   6. do_action() C:\Users\COBNETCKNN\Local Sites\howcroatia\app\public\wp-settings.php:557
[04-Mar-2021 17:46:22 UTC] PHP   7. WP_Hook->do_action() C:\Users\COBNETCKNN\Local Sites\howcroatia\app\public\wp-includes\plugin.php:484
[04-Mar-2021 17:46:22 UTC] PHP   8. WP_Hook->apply_filters() C:\Users\COBNETCKNN\Local Sites\howcroatia\app\public\wp-includes\class-wp-hook.php:311
[04-Mar-2021 17:46:22 UTC] PHP   9. howcroatia_post_types() C:\Users\COBNETCKNN\Local Sites\howcroatia\app\public\wp-includes\class-wp-hook.php:287
[04-Mar-2021 17:46:22 UTC] PHP Fatal error:  Cannot redeclare hotelsRentalsLocationTaxonomy() (previously declared in C:\Users\COBNETCKNN\Local Sites\howcroatia\app\public\wp-content\themes\wp-howcroatia\functions.php:37) in C:\Users\COBNETCKNN\Local Sites\howcroatia\app\public\wp-content\mu-plugins\howcroatia-post-types.php on line 88
[04-Mar-2021 17:46:22 UTC] PHP Stack trace:
[04-Mar-2021 17:46:22 UTC] PHP   1. {main}() C:\Users\COBNETCKNN\Local Sites\howcroatia\app\public\wp-admin\admin-ajax.php:0
[04-Mar-2021 17:46:22 UTC] PHP   2. require_once() C:\Users\COBNETCKNN\Local Sites\howcroatia\app\public\wp-admin\admin-ajax.php:22
[04-Mar-2021 17:46:22 UTC] PHP   3. require_once() C:\Users\COBNETCKNN\Local Sites\howcroatia\app\public\wp-load.php:37
[04-Mar-2021 17:46:22 UTC] PHP   4. require_once() C:\Users\COBNETCKNN\Local Sites\howcroatia\app\public\wp-config.php:77
[04-Mar-2021 17:46:22 UTC] PHP   5. do_action() C:\Users\COBNETCKNN\Local Sites\howcroatia\app\public\wp-settings.php:557
[04-Mar-2021 17:46:22 UTC] PHP   6. WP_Hook->do_action() C:\Users\COBNETCKNN\Local Sites\howcroatia\app\public\wp-includes\plugin.php:484
[04-Mar-2021 17:46:22 UTC] PHP   7. WP_Hook->apply_filters() C:\Users\COBNETCKNN\Local Sites\howcroatia\app\public\wp-includes\class-wp-hook.php:311
[04-Mar-2021 17:46:22 UTC] PHP   8. howcroatia_post_types() C:\Users\COBNETCKNN\Local Sites\howcroatia\app\public\wp-includes\class-wp-hook.php:287
[04-Mar-2021 17:46:22 UTC] PHP Fatal error:  Cannot redeclare hotelsRentalsLocationTaxonomy() (previously declared in C:\Users\COBNETCKNN\Local Sites\howcroatia\app\public\wp-content\themes\wp-howcroatia\functions.php:37) in C:\Users\COBNETCKNN\Local Sites\howcroatia\app\public\wp-content\mu-plugins\howcroatia-post-types.php on line 88
[04-Mar-2021 17:46:22 UTC] PHP Stack trace:
[04-Mar-2021 17:46:22 UTC] PHP   1. {main}() C:\Users\COBNETCKNN\Local Sites\howcroatia\app\public\index.php:0
[04-Mar-2021 17:46:22 UTC] PHP   2. require() C:\Users\COBNETCKNN\Local Sites\howcroatia\app\public\index.php:17
[04-Mar-2021 17:46:22 UTC] PHP   3. require_once() C:\Users\COBNETCKNN\Local Sites\howcroatia\app\public\wp-blog-header.php:13
[04-Mar-2021 17:46:22 UTC] PHP   4. require_once() C:\Users\COBNETCKNN\Local Sites\howcroatia\app\public\wp-load.php:37
[04-Mar-2021 17:46:22 UTC] PHP   5. require_once() C:\Users\COBNETCKNN\Local Sites\howcroatia\app\public\wp-config.php:77
[04-Mar-2021 17:46:22 UTC] PHP   6. do_action() C:\Users\COBNETCKNN\Local Sites\howcroatia\app\public\wp-settings.php:557
[04-Mar-2021 17:46:22 UTC] PHP   7. WP_Hook->do_action() C:\Users\COBNETCKNN\Local Sites\howcroatia\app\public\wp-includes\plugin.php:484
[04-Mar-2021 17:46:22 UTC] PHP   8. WP_Hook->apply_filters() C:\Users\COBNETCKNN\Local Sites\howcroatia\app\public\wp-includes\class-wp-hook.php:311
[04-Mar-2021 17:46:22 UTC] PHP   9. howcroatia_post_types() C:\Users\COBNETCKNN\Local Sites\howcroatia\app\public\wp-includes\class-wp-hook.php:287
[04-Mar-2021 18:01:32 UTC] PHP Warning:  Invalid argument supplied for foreach() in C:\Users\COBNETCKNN\Local Sites\howcroatia\app\public\wp-content\themes\wp-howcroatia\archive-hotel.php on line 22
[04-Mar-2021 18:01:32 UTC] PHP Stack trace:
[04-Mar-2021 18:01:32 UTC] PHP   1. {main}() C:\Users\COBNETCKNN\Local Sites\howcroatia\app\public\index.php:0
[04-Mar-2021 18:01:32 UTC] PHP   2. require() C:\Users\COBNETCKNN\Local Sites\howcroatia\app\public\index.php:17
[04-Mar-2021 18:01:32 UTC] PHP   3. require_once() C:\Users\COBNETCKNN\Local Sites\howcroatia\app\public\wp-blog-header.php:19
[04-Mar-2021 18:01:32 UTC] PHP   4. include() C:\Users\COBNETCKNN\Local Sites\howcroatia\app\public\wp-includes\template-loader.php:106
[04-Mar-2021 18:01:32 UTC] PHP Warning:  Invalid argument supplied for foreach() in C:\Users\COBNETCKNN\Local Sites\howcroatia\app\public\wp-content\themes\wp-howcroatia\archive-hotel.php on line 22
[04-Mar-2021 18:01:32 UTC] PHP Stack trace:
[04-Mar-2021 18:01:32 UTC] PHP   1. {main}() C:\Users\COBNETCKNN\Local Sites\howcroatia\app\public\index.php:0
[04-Mar-2021 18:01:32 UTC] PHP   2. require() C:\Users\COBNETCKNN\Local Sites\howcroatia\app\public\index.php:17
[04-Mar-2021 18:01:32 UTC] PHP   3. require_once() C:\Users\COBNETCKNN\Local Sites\howcroatia\app\public\wp-blog-header.php:19
[04-Mar-2021 18:01:32 UTC] PHP   4. include() C:\Users\COBNETCKNN\Local Sites\howcroatia\app\public\wp-includes\template-loader.php:106
[04-Mar-2021 18:04:53 UTC] PHP Parse error:  syntax error, unexpected '<', expecting end of file in C:\Users\COBNETCKNN\Local Sites\howcroatia\app\public\wp-content\themes\wp-howcroatia\archive-hotel.php on line 3
[04-Mar-2021 19:03:18 UTC] PHP Warning:  Use of undefined constant i - assumed 'i' (this will throw an Error in a future version of PHP) in C:\Users\COBNETCKNN\Local Sites\howcroatia\app\public\wp-content\themes\wp-howcroatia\archive-hotel.php on line 24
[04-Mar-2021 19:03:18 UTC] PHP Stack trace:
[04-Mar-2021 19:03:18 UTC] PHP   1. {main}() C:\Users\COBNETCKNN\Local Sites\howcroatia\app\public\index.php:0
[04-Mar-2021 19:03:18 UTC] PHP   2. require() C:\Users\COBNETCKNN\Local Sites\howcroatia\app\public\index.php:17
[04-Mar-2021 19:03:18 UTC] PHP   3. require_once() C:\Users\COBNETCKNN\Local Sites\howcroatia\app\public\wp-blog-header.php:19
[04-Mar-2021 19:03:18 UTC] PHP   4. include() C:\Users\COBNETCKNN\Local Sites\howcroatia\app\public\wp-includes\template-loader.php:106
[04-Mar-2021 19:03:27 UTC] PHP Warning:  Use of undefined constant i - assumed 'i' (this will throw an Error in a future version of PHP) in C:\Users\COBNETCKNN\Local Sites\howcroatia\app\public\wp-content\themes\wp-howcroatia\archive-hotel.php on line 24
[04-Mar-2021 19:03:27 UTC] PHP Stack trace:
[04-Mar-2021 19:03:27 UTC] PHP   1. {main}() C:\Users\COBNETCKNN\Local Sites\howcroatia\app\public\index.php:0
[04-Mar-2021 19:03:27 UTC] PHP   2. require() C:\Users\COBNETCKNN\Local Sites\howcroatia\app\public\index.php:17
[04-Mar-2021 19:03:27 UTC] PHP   3. require_once() C:\Users\COBNETCKNN\Local Sites\howcroatia\app\public\wp-blog-header.php:19
[04-Mar-2021 19:03:27 UTC] PHP   4. include() C:\Users\COBNETCKNN\Local Sites\howcroatia\app\public\wp-includes\template-loader.php:106
[04-Mar-2021 19:04:01 UTC] PHP Warning:  Use of undefined constant i - assumed 'i' (this will throw an Error in a future version of PHP) in C:\Users\COBNETCKNN\Local Sites\howcroatia\app\public\wp-content\themes\wp-howcroatia\archive-hotel.php on line 25
[04-Mar-2021 19:04:01 UTC] PHP Stack trace:
[04-Mar-2021 19:04:01 UTC] PHP   1. {main}() C:\Users\COBNETCKNN\Local Sites\howcroatia\app\public\index.php:0
[04-Mar-2021 19:04:01 UTC] PHP   2. require() C:\Users\COBNETCKNN\Local Sites\howcroatia\app\public\index.php:17
[04-Mar-2021 19:04:01 UTC] PHP   3. require_once() C:\Users\COBNETCKNN\Local Sites\howcroatia\app\public\wp-blog-header.php:19
[04-Mar-2021 19:04:01 UTC] PHP   4. include() C:\Users\COBNETCKNN\Local Sites\howcroatia\app\public\wp-includes\template-loader.php:106
[04-Mar-2021 19:04:42 UTC] PHP Warning:  Use of undefined constant i - assumed 'i' (this will throw an Error in a future version of PHP) in C:\Users\COBNETCKNN\Local Sites\howcroatia\app\public\wp-content\themes\wp-howcroatia\archive-hotel.php on line 25
[04-Mar-2021 19:04:42 UTC] PHP Stack trace:
[04-Mar-2021 19:04:42 UTC] PHP   1. {main}() C:\Users\COBNETCKNN\Local Sites\howcroatia\app\public\index.php:0
[04-Mar-2021 19:04:42 UTC] PHP   2. require() C:\Users\COBNETCKNN\Local Sites\howcroatia\app\public\index.php:17
[04-Mar-2021 19:04:42 UTC] PHP   3. require_once() C:\Users\COBNETCKNN\Local Sites\howcroatia\app\public\wp-blog-header.php:19
[04-Mar-2021 19:04:42 UTC] PHP   4. include() C:\Users\COBNETCKNN\Local Sites\howcroatia\app\public\wp-includes\template-loader.php:106
[04-Mar-2021 19:04:42 UTC] PHP Recoverable fatal error:  Object of class WP_Term could not be converted to string in C:\Users\COBNETCKNN\Local Sites\howcroatia\app\public\wp-content\themes\wp-howcroatia\archive-hotel.php on line 40
[04-Mar-2021 19:04:42 UTC] PHP Stack trace:
[04-Mar-2021 19:04:42 UTC] PHP   1. {main}() C:\Users\COBNETCKNN\Local Sites\howcroatia\app\public\index.php:0
[04-Mar-2021 19:04:42 UTC] PHP   2. require() C:\Users\COBNETCKNN\Local Sites\howcroatia\app\public\index.php:17
[04-Mar-2021 19:04:42 UTC] PHP   3. require_once() C:\Users\COBNETCKNN\Local Sites\howcroatia\app\public\wp-blog-header.php:19
[04-Mar-2021 19:04:42 UTC] PHP   4. include() C:\Users\COBNETCKNN\Local Sites\howcroatia\app\public\wp-includes\template-loader.php:106
[04-Mar-2021 19:05:28 UTC] PHP Warning:  Use of undefined constant i - assumed 'i' (this will throw an Error in a future version of PHP) in C:\Users\COBNETCKNN\Local Sites\howcroatia\app\public\wp-content\themes\wp-howcroatia\archive-hotel.php on line 25
[04-Mar-2021 19:05:28 UTC] PHP Stack trace:
[04-Mar-2021 19:05:28 UTC] PHP   1. {main}() C:\Users\COBNETCKNN\Local Sites\howcroatia\app\public\index.php:0
[04-Mar-2021 19:05:28 UTC] PHP   2. require() C:\Users\COBNETCKNN\Local Sites\howcroatia\app\public\index.php:17
[04-Mar-2021 19:05:28 UTC] PHP   3. require_once() C:\Users\COBNETCKNN\Local Sites\howcroatia\app\public\wp-blog-header.php:19
[04-Mar-2021 19:05:28 UTC] PHP   4. include() C:\Users\COBNETCKNN\Local Sites\howcroatia\app\public\wp-includes\template-loader.php:106
[04-Mar-2021 19:05:42 UTC] PHP Warning:  Use of undefined constant i - assumed 'i' (this will throw an Error in a future version of PHP) in C:\Users\COBNETCKNN\Local Sites\howcroatia\app\public\wp-content\themes\wp-howcroatia\archive-hotel.php on line 25
[04-Mar-2021 19:05:42 UTC] PHP Stack trace:
[04-Mar-2021 19:05:42 UTC] PHP   1. {main}() C:\Users\COBNETCKNN\Local Sites\howcroatia\app\public\index.php:0
[04-Mar-2021 19:05:42 UTC] PHP   2. require() C:\Users\COBNETCKNN\Local Sites\howcroatia\app\public\index.php:17
[04-Mar-2021 19:05:42 UTC] PHP   3. require_once() C:\Users\COBNETCKNN\Local Sites\howcroatia\app\public\wp-blog-header.php:19
[04-Mar-2021 19:05:42 UTC] PHP   4. include() C:\Users\COBNETCKNN\Local Sites\howcroatia\app\public\wp-includes\template-loader.php:106
[04-Mar-2021 19:05:57 UTC] PHP Warning:  Use of undefined constant i - assumed 'i' (this will throw an Error in a future version of PHP) in C:\Users\COBNETCKNN\Local Sites\howcroatia\app\public\wp-content\themes\wp-howcroatia\archive-hotel.php on line 25
[04-Mar-2021 19:05:57 UTC] PHP Stack trace:
[04-Mar-2021 19:05:57 UTC] PHP   1. {main}() C:\Users\COBNETCKNN\Local Sites\howcroatia\app\public\index.php:0
[04-Mar-2021 19:05:57 UTC] PHP   2. require() C:\Users\COBNETCKNN\Local Sites\howcroatia\app\public\index.php:17
[04-Mar-2021 19:05:57 UTC] PHP   3. require_once() C:\Users\COBNETCKNN\Local Sites\howcroatia\app\public\wp-blog-header.php:19
[04-Mar-2021 19:05:57 UTC] PHP   4. include() C:\Users\COBNETCKNN\Local Sites\howcroatia\app\public\wp-includes\template-loader.php:106
[04-Mar-2021 19:07:20 UTC] PHP Warning:  Invalid argument supplied for foreach() in C:\Users\COBNETCKNN\Local Sites\howcroatia\app\public\wp-content\themes\wp-howcroatia\archive-hotel.php on line 33
[04-Mar-2021 19:07:20 UTC] PHP Stack trace:
[04-Mar-2021 19:07:20 UTC] PHP   1. {main}() C:\Users\COBNETCKNN\Local Sites\howcroatia\app\public\index.php:0
[04-Mar-2021 19:07:20 UTC] PHP   2. require() C:\Users\COBNETCKNN\Local Sites\howcroatia\app\public\index.php:17
[04-Mar-2021 19:07:20 UTC] PHP   3. require_once() C:\Users\COBNETCKNN\Local Sites\howcroatia\app\public\wp-blog-header.php:19
[04-Mar-2021 19:07:20 UTC] PHP   4. include() C:\Users\COBNETCKNN\Local Sites\howcroatia\app\public\wp-includes\template-loader.php:106
[04-Mar-2021 19:07:26 UTC] PHP Warning:  Invalid argument supplied for foreach() in C:\Users\COBNETCKNN\Local Sites\howcroatia\app\public\wp-content\themes\wp-howcroatia\archive-hotel.php on line 33
[04-Mar-2021 19:07:26 UTC] PHP Stack trace:
[04-Mar-2021 19:07:26 UTC] PHP   1. {main}() C:\Users\COBNETCKNN\Local Sites\howcroatia\app\public\index.php:0
[04-Mar-2021 19:07:26 UTC] PHP   2. require() C:\Users\COBNETCKNN\Local Sites\howcroatia\app\public\index.php:17
[04-Mar-2021 19:07:26 UTC] PHP   3. require_once() C:\Users\COBNETCKNN\Local Sites\howcroatia\app\public\wp-blog-header.php:19
[04-Mar-2021 19:07:26 UTC] PHP   4. include() C:\Users\COBNETCKNN\Local Sites\howcroatia\app\public\wp-includes\template-loader.php:106
[04-Mar-2021 19:07:33 UTC] PHP Warning:  Invalid argument supplied for foreach() in C:\Users\COBNETCKNN\Local Sites\howcroatia\app\public\wp-content\themes\wp-howcroatia\archive-hotel.php on line 33
[04-Mar-2021 19:07:33 UTC] PHP Stack trace:
[04-Mar-2021 19:07:33 UTC] PHP   1. {main}() C:\Users\COBNETCKNN\Local Sites\howcroatia\app\public\index.php:0
[04-Mar-2021 19:07:33 UTC] PHP   2. require() C:\Users\COBNETCKNN\Local Sites\howcroatia\app\public\index.php:17
[04-Mar-2021 19:07:33 UTC] PHP   3. require_once() C:\Users\COBNETCKNN\Local Sites\howcroatia\app\public\wp-blog-header.php:19
[04-Mar-2021 19:07:33 UTC] PHP   4. include() C:\Users\COBNETCKNN\Local Sites\howcroatia\app\public\wp-includes\template-loader.php:106
[04-Mar-2021 19:07:40 UTC] PHP Warning:  Invalid argument supplied for foreach() in C:\Users\COBNETCKNN\Local Sites\howcroatia\app\public\wp-content\themes\wp-howcroatia\archive-hotel.php on line 33
[04-Mar-2021 19:07:40 UTC] PHP Stack trace:
[04-Mar-2021 19:07:40 UTC] PHP   1. {main}() C:\Users\COBNETCKNN\Local Sites\howcroatia\app\public\index.php:0
[04-Mar-2021 19:07:40 UTC] PHP   2. require() C:\Users\COBNETCKNN\Local Sites\howcroatia\app\public\index.php:17
[04-Mar-2021 19:07:40 UTC] PHP   3. require_once() C:\Users\COBNETCKNN\Local Sites\howcroatia\app\public\wp-blog-header.php:19
[04-Mar-2021 19:07:40 UTC] PHP   4. include() C:\Users\COBNETCKNN\Local Sites\howcroatia\app\public\wp-includes\template-loader.php:106
[04-Mar-2021 19:09:24 UTC] PHP Warning:  Use of undefined constant i - assumed 'i' (this will throw an Error in a future version of PHP) in C:\Users\COBNETCKNN\Local Sites\howcroatia\app\public\wp-content\themes\wp-howcroatia\archive-hotel.php on line 26
[04-Mar-2021 19:09:24 UTC] PHP Stack trace:
[04-Mar-2021 19:09:24 UTC] PHP   1. {main}() C:\Users\COBNETCKNN\Local Sites\howcroatia\app\public\index.php:0
[04-Mar-2021 19:09:24 UTC] PHP   2. require() C:\Users\COBNETCKNN\Local Sites\howcroatia\app\public\index.php:17
[04-Mar-2021 19:09:24 UTC] PHP   3. require_once() C:\Users\COBNETCKNN\Local Sites\howcroatia\app\public\wp-blog-header.php:19
[04-Mar-2021 19:09:24 UTC] PHP   4. include() C:\Users\COBNETCKNN\Local Sites\howcroatia\app\public\wp-includes\template-loader.php:106
[04-Mar-2021 19:11:24 UTC] PHP Parse error:  syntax error, unexpected 'endforeach' (T_ENDFOREACH) in C:\Users\COBNETCKNN\Local Sites\howcroatia\app\public\wp-content\themes\wp-howcroatia\archive-hotel.php on line 38
[04-Mar-2021 19:11:35 UTC] PHP Parse error:  syntax error, unexpected end of file in C:\Users\COBNETCKNN\Local Sites\howcroatia\app\public\wp-content\themes\wp-howcroatia\archive-hotel.php on line 96
[04-Mar-2021 19:12:17 UTC] PHP Parse error:  syntax error, unexpected 'endforeach' (T_ENDFOREACH) in C:\Users\COBNETCKNN\Local Sites\howcroatia\app\public\wp-content\themes\wp-howcroatia\archive-hotel.php on line 39
[04-Mar-2021 19:12:30 UTC] PHP Parse error:  syntax error, unexpected 'endforeach' (T_ENDFOREACH) in C:\Users\COBNETCKNN\Local Sites\howcroatia\app\public\wp-content\themes\wp-howcroatia\archive-hotel.php on line 41
[04-Mar-2021 19:12:41 UTC] PHP Parse error:  syntax error, unexpected 'endforeach' (T_ENDFOREACH), expecting end of file in C:\Users\COBNETCKNN\Local Sites\howcroatia\app\public\wp-content\themes\wp-howcroatia\archive-hotel.php on line 42
[04-Mar-2021 19:13:09 UTC] PHP Parse error:  syntax error, unexpected 'endforeach' (T_ENDFOREACH), expecting end of file in C:\Users\COBNETCKNN\Local Sites\howcroatia\app\public\wp-content\themes\wp-howcroatia\archive-hotel.php on line 42
[04-Mar-2021 19:13:26 UTC] PHP Warning:  Use of undefined constant i - assumed 'i' (this will throw an Error in a future version of PHP) in C:\Users\COBNETCKNN\Local Sites\howcroatia\app\public\wp-content\themes\wp-howcroatia\archive-hotel.php on line 26
[04-Mar-2021 19:13:26 UTC] PHP Stack trace:
[04-Mar-2021 19:13:26 UTC] PHP   1. {main}() C:\Users\COBNETCKNN\Local Sites\howcroatia\app\public\index.php:0
[04-Mar-2021 19:13:26 UTC] PHP   2. require() C:\Users\COBNETCKNN\Local Sites\howcroatia\app\public\index.php:17
[04-Mar-2021 19:13:26 UTC] PHP   3. require_once() C:\Users\COBNETCKNN\Local Sites\howcroatia\app\public\wp-blog-header.php:19
[04-Mar-2021 19:13:26 UTC] PHP   4. include() C:\Users\COBNETCKNN\Local Sites\howcroatia\app\public\wp-includes\template-loader.php:106
[04-Mar-2021 19:13:36 UTC] PHP Warning:  Use of undefined constant i - assumed 'i' (this will throw an Error in a future version of PHP) in C:\Users\COBNETCKNN\Local Sites\howcroatia\app\public\wp-content\themes\wp-howcroatia\archive-hotel.php on line 26
[04-Mar-2021 19:13:36 UTC] PHP Stack trace:
[04-Mar-2021 19:13:36 UTC] PHP   1. {main}() C:\Users\COBNETCKNN\Local Sites\howcroatia\app\public\index.php:0
[04-Mar-2021 19:13:36 UTC] PHP   2. require() C:\Users\COBNETCKNN\Local Sites\howcroatia\app\public\index.php:17
[04-Mar-2021 19:13:36 UTC] PHP   3. require_once() C:\Users\COBNETCKNN\Local Sites\howcroatia\app\public\wp-blog-header.php:19
[04-Mar-2021 19:13:36 UTC] PHP   4. include() C:\Users\COBNETCKNN\Local Sites\howcroatia\app\public\wp-includes\template-loader.php:106
[04-Mar-2021 19:13:42 UTC] PHP Warning:  Use of undefined constant i - assumed 'i' (this will throw an Error in a future version of PHP) in C:\Users\COBNETCKNN\Local Sites\howcroatia\app\public\wp-content\themes\wp-howcroatia\archive-hotel.php on line 26
[04-Mar-2021 19:13:42 UTC] PHP Stack trace:
[04-Mar-2021 19:13:42 UTC] PHP   1. {main}() C:\Users\COBNETCKNN\Local Sites\howcroatia\app\public\index.php:0
[04-Mar-2021 19:13:42 UTC] PHP   2. require() C:\Users\COBNETCKNN\Local Sites\howcroatia\app\public\index.php:17
[04-Mar-2021 19:13:42 UTC] PHP   3. require_once() C:\Users\COBNETCKNN\Local Sites\howcroatia\app\public\wp-blog-header.php:19
[04-Mar-2021 19:13:42 UTC] PHP   4. include() C:\Users\COBNETCKNN\Local Sites\howcroatia\app\public\wp-includes\template-loader.php:106
[04-Mar-2021 19:13:44 UTC] PHP Warning:  Use of undefined constant i - assumed 'i' (this will throw an Error in a future version of PHP) in C:\Users\COBNETCKNN\Local Sites\howcroatia\app\public\wp-content\themes\wp-howcroatia\archive-hotel.php on line 26
[04-Mar-2021 19:13:44 UTC] PHP Stack trace:
[04-Mar-2021 19:13:44 UTC] PHP   1. {main}() C:\Users\COBNETCKNN\Local Sites\howcroatia\app\public\index.php:0
[04-Mar-2021 19:13:44 UTC] PHP   2. require() C:\Users\COBNETCKNN\Local Sites\howcroatia\app\public\index.php:17
[04-Mar-2021 19:13:44 UTC] PHP   3. require_once() C:\Users\COBNETCKNN\Local Sites\howcroatia\app\public\wp-blog-header.php:19
[04-Mar-2021 19:13:44 UTC] PHP   4. include() C:\Users\COBNETCKNN\Local Sites\howcroatia\app\public\wp-includes\template-loader.php:106
[04-Mar-2021 19:14:00 UTC] PHP Warning:  Use of undefined constant i - assumed 'i' (this will throw an Error in a future version of PHP) in C:\Users\COBNETCKNN\Local Sites\howcroatia\app\public\wp-content\themes\wp-howcroatia\archive-hotel.php on line 26
[04-Mar-2021 19:14:00 UTC] PHP Stack trace:
[04-Mar-2021 19:14:00 UTC] PHP   1. {main}() C:\Users\COBNETCKNN\Local Sites\howcroatia\app\public\index.php:0
[04-Mar-2021 19:14:00 UTC] PHP   2. require() C:\Users\COBNETCKNN\Local Sites\howcroatia\app\public\index.php:17
[04-Mar-2021 19:14:00 UTC] PHP   3. require_once() C:\Users\COBNETCKNN\Local Sites\howcroatia\app\public\wp-blog-header.php:19
[04-Mar-2021 19:14:00 UTC] PHP   4. include() C:\Users\COBNETCKNN\Local Sites\howcroatia\app\public\wp-includes\template-loader.php:106
[04-Mar-2021 19:14:36 UTC] PHP Parse error:  syntax error, unexpected end of file in C:\Users\COBNETCKNN\Local Sites\howcroatia\app\public\wp-content\themes\wp-howcroatia\archive-hotel.php on line 116
[04-Mar-2021 19:14:56 UTC] PHP Parse error:  syntax error, unexpected end of file in C:\Users\COBNETCKNN\Local Sites\howcroatia\app\public\wp-content\themes\wp-howcroatia\archive-hotel.php on line 116
[04-Mar-2021 19:15:07 UTC] PHP Warning:  Use of undefined constant i - assumed 'i' (this will throw an Error in a future version of PHP) in C:\Users\COBNETCKNN\Local Sites\howcroatia\app\public\wp-content\themes\wp-howcroatia\archive-hotel.php on line 26
[04-Mar-2021 19:15:07 UTC] PHP Stack trace:
[04-Mar-2021 19:15:07 UTC] PHP   1. {main}() C:\Users\COBNETCKNN\Local Sites\howcroatia\app\public\index.php:0
[04-Mar-2021 19:15:07 UTC] PHP   2. require() C:\Users\COBNETCKNN\Local Sites\howcroatia\app\public\index.php:17
[04-Mar-2021 19:15:07 UTC] PHP   3. require_once() C:\Users\COBNETCKNN\Local Sites\howcroatia\app\public\wp-blog-header.php:19
[04-Mar-2021 19:15:07 UTC] PHP   4. include() C:\Users\COBNETCKNN\Local Sites\howcroatia\app\public\wp-includes\template-loader.php:106
[04-Mar-2021 19:15:53 UTC] PHP Warning:  Use of undefined constant i - assumed 'i' (this will throw an Error in a future version of PHP) in C:\Users\COBNETCKNN\Local Sites\howcroatia\app\public\wp-content\themes\wp-howcroatia\archive-hotel.php on line 26
[04-Mar-2021 19:15:53 UTC] PHP Stack trace:
[04-Mar-2021 19:15:53 UTC] PHP   1. {main}() C:\Users\COBNETCKNN\Local Sites\howcroatia\app\public\index.php:0
[04-Mar-2021 19:15:53 UTC] PHP   2. require() C:\Users\COBNETCKNN\Local Sites\howcroatia\app\public\index.php:17
[04-Mar-2021 19:15:53 UTC] PHP   3. require_once() C:\Users\COBNETCKNN\Local Sites\howcroatia\app\public\wp-blog-header.php:19
[04-Mar-2021 19:15:53 UTC] PHP   4. include() C:\Users\COBNETCKNN\Local Sites\howcroatia\app\public\wp-includes\template-loader.php:106
[04-Mar-2021 19:15:53 UTC] PHP Warning:  Use of undefined constant i - assumed 'i' (this will throw an Error in a future version of PHP) in C:\Users\COBNETCKNN\Local Sites\howcroatia\app\public\wp-content\themes\wp-howcroatia\archive-hotel.php on line 47
[04-Mar-2021 19:15:53 UTC] PHP Stack trace:
[04-Mar-2021 19:15:53 UTC] PHP   1. {main}() C:\Users\COBNETCKNN\Local Sites\howcroatia\app\public\index.php:0
[04-Mar-2021 19:15:53 UTC] PHP   2. require() C:\Users\COBNETCKNN\Local Sites\howcroatia\app\public\index.php:17
[04-Mar-2021 19:15:53 UTC] PHP   3. require_once() C:\Users\COBNETCKNN\Local Sites\howcroatia\app\public\wp-blog-header.php:19
[04-Mar-2021 19:15:53 UTC] PHP   4. include() C:\Users\COBNETCKNN\Local Sites\howcroatia\app\public\wp-includes\template-loader.php:106
[04-Mar-2021 19:16:02 UTC] PHP Warning:  Use of undefined constant i - assumed 'i' (this will throw an Error in a future version of PHP) in C:\Users\COBNETCKNN\Local Sites\howcroatia\app\public\wp-content\themes\wp-howcroatia\archive-hotel.php on line 26
[04-Mar-2021 19:16:02 UTC] PHP Stack trace:
[04-Mar-2021 19:16:02 UTC] PHP   1. {main}() C:\Users\COBNETCKNN\Local Sites\howcroatia\app\public\index.php:0
[04-Mar-2021 19:16:02 UTC] PHP   2. require() C:\Users\COBNETCKNN\Local Sites\howcroatia\app\public\index.php:17
[04-Mar-2021 19:16:02 UTC] PHP   3. require_once() C:\Users\COBNETCKNN\Local Sites\howcroatia\app\public\wp-blog-header.php:19
[04-Mar-2021 19:16:02 UTC] PHP   4. include() C:\Users\COBNETCKNN\Local Sites\howcroatia\app\public\wp-includes\template-loader.php:106
[04-Mar-2021 19:16:39 UTC] PHP Parse error:  syntax error, unexpected '=>' (T_DOUBLE_ARROW), expecting ')' in C:\Users\COBNETCKNN\Local Sites\howcroatia\app\public\wp-content\themes\wp-howcroatia\archive-hotel.php on line 25
[04-Mar-2021 19:17:09 UTC] PHP Parse error:  syntax error, unexpected ''taxonomy'' (T_CONSTANT_ENCAPSED_STRING) in C:\Users\COBNETCKNN\Local Sites\howcroatia\app\public\wp-content\themes\wp-howcroatia\archive-hotel.php on line 25
[04-Mar-2021 19:17:12 UTC] PHP Parse error:  syntax error, unexpected '=>' (T_DOUBLE_ARROW), expecting ')' in C:\Users\COBNETCKNN\Local Sites\howcroatia\app\public\wp-content\themes\wp-howcroatia\archive-hotel.php on line 25
[04-Mar-2021 19:17:30 UTC] PHP Warning:  Use of undefined constant i - assumed 'i' (this will throw an Error in a future version of PHP) in C:\Users\COBNETCKNN\Local Sites\howcroatia\app\public\wp-content\themes\wp-howcroatia\archive-hotel.php on line 26
[04-Mar-2021 19:17:30 UTC] PHP Stack trace:
[04-Mar-2021 19:17:30 UTC] PHP   1. {main}() C:\Users\COBNETCKNN\Local Sites\howcroatia\app\public\index.php:0
[04-Mar-2021 19:17:30 UTC] PHP   2. require() C:\Users\COBNETCKNN\Local Sites\howcroatia\app\public\index.php:17
[04-Mar-2021 19:17:30 UTC] PHP   3. require_once() C:\Users\COBNETCKNN\Local Sites\howcroatia\app\public\wp-blog-header.php:19
[04-Mar-2021 19:17:30 UTC] PHP   4. include() C:\Users\COBNETCKNN\Local Sites\howcroatia\app\public\wp-includes\template-loader.php:106
[04-Mar-2021 19:18:57 UTC] PHP Parse error:  syntax error, unexpected '<', expecting end of file in C:\Users\COBNETCKNN\Local Sites\howcroatia\app\public\wp-content\themes\wp-howcroatia\archive-hotel.php on line 50
[04-Mar-2021 19:34:52 UTC] PHP Parse error:  syntax error, unexpected ')', expecting variable (T_VARIABLE) or '{' or '$' in C:\Users\COBNETCKNN\Local Sites\howcroatia\app\public\wp-content\themes\wp-howcroatia\archive-hotel.php on line 40
[04-Mar-2021 19:36:24 UTC] PHP Parse error:  syntax error, unexpected ';', expecting ')' in C:\Users\COBNETCKNN\Local Sites\howcroatia\app\public\wp-content\themes\wp-howcroatia\archive-hotel.php on line 42
[04-Mar-2021 19:37:58 UTC] PHP Parse error:  syntax error, unexpected end of file in C:\Users\COBNETCKNN\Local Sites\howcroatia\app\public\wp-content\themes\wp-howcroatia\archive-hotel.php on line 108
[04-Mar-2021 19:38:15 UTC] PHP Parse error:  syntax error, unexpected end of file in C:\Users\COBNETCKNN\Local Sites\howcroatia\app\public\wp-content\themes\wp-howcroatia\archive-hotel.php on line 107
[04-Mar-2021 19:38:53 UTC] PHP Parse error:  syntax error, unexpected end of file in C:\Users\COBNETCKNN\Local Sites\howcroatia\app\public\wp-content\themes\wp-howcroatia\archive-hotel.php on line 107
[04-Mar-2021 19:39:50 UTC] PHP Parse error:  syntax error, unexpected end of file in C:\Users\COBNETCKNN\Local Sites\howcroatia\app\public\wp-content\themes\wp-howcroatia\archive-hotel.php on line 107
[04-Mar-2021 19:39:56 UTC] PHP Parse error:  syntax error, unexpected end of file in C:\Users\COBNETCKNN\Local Sites\howcroatia\app\public\wp-content\themes\wp-howcroatia\archive-hotel.php on line 107
[04-Mar-2021 19:40:10 UTC] PHP Parse error:  syntax error, unexpected end of file in C:\Users\COBNETCKNN\Local Sites\howcroatia\app\public\wp-content\themes\wp-howcroatia\archive-hotel.php on line 106
[04-Mar-2021 19:40:16 UTC] PHP Parse error:  syntax error, unexpected end of file in C:\Users\COBNETCKNN\Local Sites\howcroatia\app\public\wp-content\themes\wp-howcroatia\archive-hotel.php on line 106
[04-Mar-2021 19:40:24 UTC] PHP Parse error:  syntax error, unexpected end of file in C:\Users\COBNETCKNN\Local Sites\howcroatia\app\public\wp-content\themes\wp-howcroatia\archive-hotel.php on line 106
[04-Mar-2021 19:40:37 UTC] PHP Parse error:  syntax error, unexpected end of file in C:\Users\COBNETCKNN\Local Sites\howcroatia\app\public\wp-content\themes\wp-howcroatia\archive-hotel.php on line 105
[04-Mar-2021 19:44:16 UTC] PHP Parse error:  syntax error, unexpected '=>' (T_DOUBLE_ARROW), expecting ')' in C:\Users\COBNETCKNN\Local Sites\howcroatia\app\public\wp-content\themes\wp-howcroatia\archive-hotel.php on line 27
[04-Mar-2021 19:47:21 UTC] PHP Parse error:  syntax error, unexpected '[', expecting identifier (T_STRING) or variable (T_VARIABLE) or '{' or '$' in C:\Users\COBNETCKNN\Local Sites\howcroatia\app\public\wp-content\themes\wp-howcroatia\archive-hotel.php on line 37
[04-Mar-2021 19:47:28 UTC] PHP Parse error:  syntax error, unexpected '[', expecting identifier (T_STRING) or variable (T_VARIABLE) or '{' or '$' in C:\Users\COBNETCKNN\Local Sites\howcroatia\app\public\wp-content\themes\wp-howcroatia\archive-hotel.php on line 37
[04-Mar-2021 19:47:34 UTC] PHP Fatal error:  Uncaught Error: Cannot use object of type WP_Term as array in C:\Users\COBNETCKNN\Local Sites\howcroatia\app\public\wp-content\themes\wp-howcroatia\archive-hotel.php:36
Stack trace:
#0 C:\Users\COBNETCKNN\Local Sites\howcroatia\app\public\wp-includes\template-loader.php(106): include()
#1 C:\Users\COBNETCKNN\Local Sites\howcroatia\app\public\wp-blog-header.php(19): require_once('C:\\Users\\COBNET...')
#2 C:\Users\COBNETCKNN\Local Sites\howcroatia\app\public\index.php(17): require('C:\\Users\\COBNET...')
#3 {main}
  thrown in C:\Users\COBNETCKNN\Local Sites\howcroatia\app\public\wp-content\themes\wp-howcroatia\archive-hotel.php on line 36
[04-Mar-2021 19:50:17 UTC] PHP Parse error:  syntax error, unexpected ')', expecting identifier (T_STRING) or variable (T_VARIABLE) or '{' or '$' in C:\Users\COBNETCKNN\Local Sites\howcroatia\app\public\wp-content\themes\wp-howcroatia\archive-hotel.php on line 48
[04-Mar-2021 19:57:02 UTC] PHP Parse error:  syntax error, unexpected 'endforeach' (T_ENDFOREACH), expecting end of file in C:\Users\COBNETCKNN\Local Sites\howcroatia\app\public\wp-content\themes\wp-howcroatia\archive-hotel.php on line 42
[04-Mar-2021 19:57:12 UTC] PHP Parse error:  syntax error, unexpected 'endforeach' (T_ENDFOREACH), expecting end of file in C:\Users\COBNETCKNN\Local Sites\howcroatia\app\public\wp-content\themes\wp-howcroatia\archive-hotel.php on line 42
[04-Mar-2021 19:57:32 UTC] PHP Parse error:  syntax error, unexpected 'endforeach' (T_ENDFOREACH), expecting end of file in C:\Users\COBNETCKNN\Local Sites\howcroatia\app\public\wp-content\themes\wp-howcroatia\archive-hotel.php on line 40
[04-Mar-2021 19:58:25 UTC] PHP Parse error:  syntax error, unexpected 'endforeach' (T_ENDFOREACH), expecting end of file in C:\Users\COBNETCKNN\Local Sites\howcroatia\app\public\wp-content\themes\wp-howcroatia\archive-hotel.php on line 40
[04-Mar-2021 19:59:41 UTC] PHP Parse error:  syntax error, unexpected 'endforeach' (T_ENDFOREACH) in C:\Users\COBNETCKNN\Local Sites\howcroatia\app\public\wp-content\themes\wp-howcroatia\archive-hotel.php on line 41
[04-Mar-2021 19:59:47 UTC] PHP Parse error:  syntax error, unexpected 'endforeach' (T_ENDFOREACH), expecting end of file in C:\Users\COBNETCKNN\Local Sites\howcroatia\app\public\wp-content\themes\wp-howcroatia\archive-hotel.php on line 40
[04-Mar-2021 23:11:35 UTC] PHP Fatal error:  Uncaught ArgumentCountError: Too few arguments to function get_the_terms(), 1 passed in C:\Users\COBNETCKNN\Local Sites\howcroatia\app\public\wp-content\themes\wp-howcroatia\archive-hotel.php on line 27 and exactly 2 expected in C:\Users\COBNETCKNN\Local Sites\howcroatia\app\public\wp-includes\category-template.php:1271
Stack trace:
#0 C:\Users\COBNETCKNN\Local Sites\howcroatia\app\public\wp-content\themes\wp-howcroatia\archive-hotel.php(27): get_the_terms(Array)
#1 C:\Users\COBNETCKNN\Local Sites\howcroatia\app\public\wp-includes\template-loader.php(106): include('C:\\Users\\COBNET...')
#2 C:\Users\COBNETCKNN\Local Sites\howcroatia\app\public\wp-blog-header.php(19): require_once('C:\\Users\\COBNET...')
#3 C:\Users\COBNETCKNN\Local Sites\howcroatia\app\public\index.php(17): require('C:\\Users\\COBNET...')
#4 {main}
  thrown in C:\Users\COBNETCKNN\Local Sites\howcroatia\app\public\wp-includes\category-template.php on line 1271
[04-Mar-2021 23:14:03 UTC] PHP Parse error:  syntax error, unexpected '<', expecting end of file in C:\Users\COBNETCKNN\Local Sites\howcroatia\app\public\wp-content\themes\wp-howcroatia\archive-hotel.php on line 48
[05-Mar-2021 13:23:09 UTC] PHP Warning:  include(ajaxn/dropdown-filter.php): failed to open stream: No such file or directory in C:\Users\COBNETCKNN\Local Sites\howcroatia\app\public\wp-content\themes\wp-howcroatia\functions.php on line 52
[05-Mar-2021 13:23:09 UTC] PHP Stack trace:
[05-Mar-2021 13:23:09 UTC] PHP   1. {main}() C:\Users\COBNETCKNN\Local Sites\howcroatia\app\public\index.php:0
[05-Mar-2021 13:23:09 UTC] PHP   2. require() C:\Users\COBNETCKNN\Local Sites\howcroatia\app\public\index.php:17
[05-Mar-2021 13:23:09 UTC] PHP   3. require_once() C:\Users\COBNETCKNN\Local Sites\howcroatia\app\public\wp-blog-header.php:19
[05-Mar-2021 13:23:09 UTC] PHP   4. include() C:\Users\COBNETCKNN\Local Sites\howcroatia\app\public\wp-includes\template-loader.php:106
[05-Mar-2021 13:23:09 UTC] PHP   5. do_shortcode() C:\Users\COBNETCKNN\Local Sites\howcroatia\app\public\wp-content\themes\wp-howcroatia\archive-hotel.php:22
[05-Mar-2021 13:23:09 UTC] PHP   6. preg_replace_callback() C:\Users\COBNETCKNN\Local Sites\howcroatia\app\public\wp-includes\shortcodes.php:218
[05-Mar-2021 13:23:09 UTC] PHP   7. do_shortcode_tag() C:\Users\COBNETCKNN\Local Sites\howcroatia\app\public\wp-includes\shortcodes.php:218
[05-Mar-2021 13:23:09 UTC] PHP   8. dropdown_filter_shortcode() C:\Users\COBNETCKNN\Local Sites\howcroatia\app\public\wp-includes\shortcodes.php:343
[05-Mar-2021 13:23:09 UTC] PHP Warning:  include(): Failed opening 'ajaxn/dropdown-filter.php' for inclusion (include_path='.:/usr/share/php:/www/wp-content/pear') in C:\Users\COBNETCKNN\Local Sites\howcroatia\app\public\wp-content\themes\wp-howcroatia\functions.php on line 52
[05-Mar-2021 13:23:09 UTC] PHP Stack trace:
[05-Mar-2021 13:23:09 UTC] PHP   1. {main}() C:\Users\COBNETCKNN\Local Sites\howcroatia\app\public\index.php:0
[05-Mar-2021 13:23:09 UTC] PHP   2. require() C:\Users\COBNETCKNN\Local Sites\howcroatia\app\public\index.php:17
[05-Mar-2021 13:23:09 UTC] PHP   3. require_once() C:\Users\COBNETCKNN\Local Sites\howcroatia\app\public\wp-blog-header.php:19
[05-Mar-2021 13:23:09 UTC] PHP   4. include() C:\Users\COBNETCKNN\Local Sites\howcroatia\app\public\wp-includes\template-loader.php:106
[05-Mar-2021 13:23:09 UTC] PHP   5. do_shortcode() C:\Users\COBNETCKNN\Local Sites\howcroatia\app\public\wp-content\themes\wp-howcroatia\archive-hotel.php:22
[05-Mar-2021 13:23:09 UTC] PHP   6. preg_replace_callback() C:\Users\COBNETCKNN\Local Sites\howcroatia\app\public\wp-includes\shortcodes.php:218
[05-Mar-2021 13:23:09 UTC] PHP   7. do_shortcode_tag() C:\Users\COBNETCKNN\Local Sites\howcroatia\app\public\wp-includes\shortcodes.php:218
[05-Mar-2021 13:23:09 UTC] PHP   8. dropdown_filter_shortcode() C:\Users\COBNETCKNN\Local Sites\howcroatia\app\public\wp-includes\shortcodes.php:343
[05-Mar-2021 14:04:47 UTC] PHP Parse error:  syntax error, unexpected 'else' (T_ELSE), expecting end of file in C:\Users\COBNETCKNN\Local Sites\howcroatia\app\public\wp-content\themes\wp-howcroatia\functions.php on line 69
[05-Mar-2021 14:04:47 UTC] PHP Parse error:  syntax error, unexpected 'else' (T_ELSE), expecting end of file in C:\Users\COBNETCKNN\Local Sites\howcroatia\app\public\wp-content\themes\wp-howcroatia\functions.php on line 69
[05-Mar-2021 14:04:56 UTC] PHP Parse error:  syntax error, unexpected '}', expecting end of file in C:\Users\COBNETCKNN\Local Sites\howcroatia\app\public\wp-content\themes\wp-howcroatia\functions.php on line 85
[05-Mar-2021 14:04:56 UTC] PHP Parse error:  syntax error, unexpected '}', expecting end of file in C:\Users\COBNETCKNN\Local Sites\howcroatia\app\public\wp-content\themes\wp-howcroatia\functions.php on line 85
[05-Mar-2021 14:47:16 UTC] PHP Parse error:  syntax error, unexpected 'else' (T_ELSE), expecting ')' in C:\Users\COBNETCKNN\Local Sites\howcroatia\app\public\wp-content\themes\wp-howcroatia\functions.php on line 64
[05-Mar-2021 14:47:16 UTC] PHP Parse error:  syntax error, unexpected 'else' (T_ELSE), expecting ')' in C:\Users\COBNETCKNN\Local Sites\howcroatia\app\public\wp-content\themes\wp-howcroatia\functions.php on line 64
[05-Mar-2021 14:47:28 UTC] PHP Parse error:  syntax error, unexpected 'else' (T_ELSE), expecting ')' in C:\Users\COBNETCKNN\Local Sites\howcroatia\app\public\wp-content\themes\wp-howcroatia\functions.php on line 64
[05-Mar-2021 14:47:28 UTC] PHP Parse error:  syntax error, unexpected 'else' (T_ELSE), expecting ')' in C:\Users\COBNETCKNN\Local Sites\howcroatia\app\public\wp-content\themes\wp-howcroatia\functions.php on line 64
[05-Mar-2021 14:47:30 UTC] PHP Parse error:  syntax error, unexpected 'else' (T_ELSE), expecting ')' in C:\Users\COBNETCKNN\Local Sites\howcroatia\app\public\wp-content\themes\wp-howcroatia\functions.php on line 64
[05-Mar-2021 14:47:30 UTC] PHP Parse error:  syntax error, unexpected 'else' (T_ELSE), expecting ')' in C:\Users\COBNETCKNN\Local Sites\howcroatia\app\public\wp-content\themes\wp-howcroatia\functions.php on line 64
[05-Mar-2021 14:47:50 UTC] PHP Parse error:  syntax error, unexpected '<' in C:\Users\COBNETCKNN\Local Sites\howcroatia\app\public\wp-content\themes\wp-howcroatia\functions.php on line 67
[05-Mar-2021 14:47:50 UTC] PHP Parse error:  syntax error, unexpected '<' in C:\Users\COBNETCKNN\Local Sites\howcroatia\app\public\wp-content\themes\wp-howcroatia\functions.php on line 67
[05-Mar-2021 14:47:58 UTC] PHP Parse error:  syntax error, unexpected '<' in C:\Users\COBNETCKNN\Local Sites\howcroatia\app\public\wp-content\themes\wp-howcroatia\functions.php on line 68
[05-Mar-2021 14:47:58 UTC] PHP Parse error:  syntax error, unexpected '<' in C:\Users\COBNETCKNN\Local Sites\howcroatia\app\public\wp-content\themes\wp-howcroatia\functions.php on line 68
[05-Mar-2021 14:48:03 UTC] PHP Parse error:  syntax error, unexpected '<' in C:\Users\COBNETCKNN\Local Sites\howcroatia\app\public\wp-content\themes\wp-howcroatia\functions.php on line 67
[05-Mar-2021 14:48:03 UTC] PHP Parse error:  syntax error, unexpected '<' in C:\Users\COBNETCKNN\Local Sites\howcroatia\app\public\wp-content\themes\wp-howcroatia\functions.php on line 67
[05-Mar-2021 15:10:57 UTC] PHP Warning:  Invalid argument supplied for foreach() in C:\Users\COBNETCKNN\Local Sites\howcroatia\app\public\wp-content\themes\wp-howcroatia\functions.php on line 85
[05-Mar-2021 15:10:57 UTC] PHP Stack trace:
[05-Mar-2021 15:10:57 UTC] PHP   1. {main}() C:\Users\COBNETCKNN\Local Sites\howcroatia\app\public\wp-admin\admin-ajax.php:0
[05-Mar-2021 15:10:57 UTC] PHP   2. do_action() C:\Users\COBNETCKNN\Local Sites\howcroatia\app\public\wp-admin\admin-ajax.php:199
[05-Mar-2021 15:10:57 UTC] PHP   3. WP_Hook->do_action() C:\Users\COBNETCKNN\Local Sites\howcroatia\app\public\wp-includes\plugin.php:484
[05-Mar-2021 15:10:57 UTC] PHP   4. WP_Hook->apply_filters() C:\Users\COBNETCKNN\Local Sites\howcroatia\app\public\wp-includes\class-wp-hook.php:311
[05-Mar-2021 15:10:57 UTC] PHP   5. ajax_filter_function() C:\Users\COBNETCKNN\Local Sites\howcroatia\app\public\wp-includes\class-wp-hook.php:287
[05-Mar-2021 15:10:57 UTC] PHP Warning:  Invalid argument supplied for foreach() in C:\Users\COBNETCKNN\Local Sites\howcroatia\app\public\wp-content\themes\wp-howcroatia\functions.php on line 85
[05-Mar-2021 15:10:57 UTC] PHP Stack trace:
[05-Mar-2021 15:10:57 UTC] PHP   1. {main}() C:\Users\COBNETCKNN\Local Sites\howcroatia\app\public\wp-admin\admin-ajax.php:0
[05-Mar-2021 15:10:57 UTC] PHP   2. do_action() C:\Users\COBNETCKNN\Local Sites\howcroatia\app\public\wp-admin\admin-ajax.php:199
[05-Mar-2021 15:10:57 UTC] PHP   3. WP_Hook->do_action() C:\Users\COBNETCKNN\Local Sites\howcroatia\app\public\wp-includes\plugin.php:484
[05-Mar-2021 15:10:57 UTC] PHP   4. WP_Hook->apply_filters() C:\Users\COBNETCKNN\Local Sites\howcroatia\app\public\wp-includes\class-wp-hook.php:311
[05-Mar-2021 15:10:57 UTC] PHP   5. ajax_filter_function() C:\Users\COBNETCKNN\Local Sites\howcroatia\app\public\wp-includes\class-wp-hook.php:287
[05-Mar-2021 15:10:57 UTC] PHP Warning:  Invalid argument supplied for foreach() in C:\Users\COBNETCKNN\Local Sites\howcroatia\app\public\wp-content\themes\wp-howcroatia\functions.php on line 85
[05-Mar-2021 15:10:57 UTC] PHP Stack trace:
[05-Mar-2021 15:10:57 UTC] PHP   1. {main}() C:\Users\COBNETCKNN\Local Sites\howcroatia\app\public\wp-admin\admin-ajax.php:0
[05-Mar-2021 15:10:57 UTC] PHP   2. do_action() C:\Users\COBNETCKNN\Local Sites\howcroatia\app\public\wp-admin\admin-ajax.php:199
[05-Mar-2021 15:10:57 UTC] PHP   3. WP_Hook->do_action() C:\Users\COBNETCKNN\Local Sites\howcroatia\app\public\wp-includes\plugin.php:484
[05-Mar-2021 15:10:57 UTC] PHP   4. WP_Hook->apply_filters() C:\Users\COBNETCKNN\Local Sites\howcroatia\app\public\wp-includes\class-wp-hook.php:311
[05-Mar-2021 15:10:57 UTC] PHP   5. ajax_filter_function() C:\Users\COBNETCKNN\Local Sites\howcroatia\app\public\wp-includes\class-wp-hook.php:287
[05-Mar-2021 15:11:05 UTC] PHP Warning:  Invalid argument supplied for foreach() in C:\Users\COBNETCKNN\Local Sites\howcroatia\app\public\wp-content\themes\wp-howcroatia\functions.php on line 85
[05-Mar-2021 15:11:05 UTC] PHP Stack trace:
[05-Mar-2021 15:11:05 UTC] PHP   1. {main}() C:\Users\COBNETCKNN\Local Sites\howcroatia\app\public\wp-admin\admin-ajax.php:0
[05-Mar-2021 15:11:05 UTC] PHP   2. do_action() C:\Users\COBNETCKNN\Local Sites\howcroatia\app\public\wp-admin\admin-ajax.php:199
[05-Mar-2021 15:11:05 UTC] PHP   3. WP_Hook->do_action() C:\Users\COBNETCKNN\Local Sites\howcroatia\app\public\wp-includes\plugin.php:484
[05-Mar-2021 15:11:05 UTC] PHP   4. WP_Hook->apply_filters() C:\Users\COBNETCKNN\Local Sites\howcroatia\app\public\wp-includes\class-wp-hook.php:311
[05-Mar-2021 15:11:05 UTC] PHP   5. ajax_filter_function() C:\Users\COBNETCKNN\Local Sites\howcroatia\app\public\wp-includes\class-wp-hook.php:287
[05-Mar-2021 15:11:05 UTC] PHP Warning:  Invalid argument supplied for foreach() in C:\Users\COBNETCKNN\Local Sites\howcroatia\app\public\wp-content\themes\wp-howcroatia\functions.php on line 85
[05-Mar-2021 15:11:05 UTC] PHP Stack trace:
[05-Mar-2021 15:11:05 UTC] PHP   1. {main}() C:\Users\COBNETCKNN\Local Sites\howcroatia\app\public\wp-admin\admin-ajax.php:0
[05-Mar-2021 15:11:05 UTC] PHP   2. do_action() C:\Users\COBNETCKNN\Local Sites\howcroatia\app\public\wp-admin\admin-ajax.php:199
[05-Mar-2021 15:11:05 UTC] PHP   3. WP_Hook->do_action() C:\Users\COBNETCKNN\Local Sites\howcroatia\app\public\wp-includes\plugin.php:484
[05-Mar-2021 15:11:05 UTC] PHP   4. WP_Hook->apply_filters() C:\Users\COBNETCKNN\Local Sites\howcroatia\app\public\wp-includes\class-wp-hook.php:311
[05-Mar-2021 15:11:05 UTC] PHP   5. ajax_filter_function() C:\Users\COBNETCKNN\Local Sites\howcroatia\app\public\wp-includes\class-wp-hook.php:287
[05-Mar-2021 15:11:05 UTC] PHP Warning:  Invalid argument supplied for foreach() in C:\Users\COBNETCKNN\Local Sites\howcroatia\app\public\wp-content\themes\wp-howcroatia\functions.php on line 85
[05-Mar-2021 15:11:05 UTC] PHP Stack trace:
[05-Mar-2021 15:11:05 UTC] PHP   1. {main}() C:\Users\COBNETCKNN\Local Sites\howcroatia\app\public\wp-admin\admin-ajax.php:0
[05-Mar-2021 15:11:05 UTC] PHP   2. do_action() C:\Users\COBNETCKNN\Local Sites\howcroatia\app\public\wp-admin\admin-ajax.php:199
[05-Mar-2021 15:11:05 UTC] PHP   3. WP_Hook->do_action() C:\Users\COBNETCKNN\Local Sites\howcroatia\app\public\wp-includes\plugin.php:484
[05-Mar-2021 15:11:05 UTC] PHP   4. WP_Hook->apply_filters() C:\Users\COBNETCKNN\Local Sites\howcroatia\app\public\wp-includes\class-wp-hook.php:311
[05-Mar-2021 15:11:05 UTC] PHP   5. ajax_filter_function() C:\Users\COBNETCKNN\Local Sites\howcroatia\app\public\wp-includes\class-wp-hook.php:287
[05-Mar-2021 15:11:07 UTC] PHP Warning:  Invalid argument supplied for foreach() in C:\Users\COBNETCKNN\Local Sites\howcroatia\app\public\wp-content\themes\wp-howcroatia\functions.php on line 85
[05-Mar-2021 15:11:07 UTC] PHP Stack trace:
[05-Mar-2021 15:11:07 UTC] PHP   1. {main}() C:\Users\COBNETCKNN\Local Sites\howcroatia\app\public\wp-admin\admin-ajax.php:0
[05-Mar-2021 15:11:07 UTC] PHP   2. do_action() C:\Users\COBNETCKNN\Local Sites\howcroatia\app\public\wp-admin\admin-ajax.php:199
[05-Mar-2021 15:11:07 UTC] PHP   3. WP_Hook->do_action() C:\Users\COBNETCKNN\Local Sites\howcroatia\app\public\wp-includes\plugin.php:484
[05-Mar-2021 15:11:07 UTC] PHP   4. WP_Hook->apply_filters() C:\Users\COBNETCKNN\Local Sites\howcroatia\app\public\wp-includes\class-wp-hook.php:311
[05-Mar-2021 15:11:07 UTC] PHP   5. ajax_filter_function() C:\Users\COBNETCKNN\Local Sites\howcroatia\app\public\wp-includes\class-wp-hook.php:287
[05-Mar-2021 15:11:07 UTC] PHP Warning:  Invalid argument supplied for foreach() in C:\Users\COBNETCKNN\Local Sites\howcroatia\app\public\wp-content\themes\wp-howcroatia\functions.php on line 85
[05-Mar-2021 15:11:07 UTC] PHP Stack trace:
[05-Mar-2021 15:11:07 UTC] PHP   1. {main}() C:\Users\COBNETCKNN\Local Sites\howcroatia\app\public\wp-admin\admin-ajax.php:0
[05-Mar-2021 15:11:07 UTC] PHP   2. do_action() C:\Users\COBNETCKNN\Local Sites\howcroatia\app\public\wp-admin\admin-ajax.php:199
[05-Mar-2021 15:11:07 UTC] PHP   3. WP_Hook->do_action() C:\Users\COBNETCKNN\Local Sites\howcroatia\app\public\wp-includes\plugin.php:484
[05-Mar-2021 15:11:07 UTC] PHP   4. WP_Hook->apply_filters() C:\Users\COBNETCKNN\Local Sites\howcroatia\app\public\wp-includes\class-wp-hook.php:311
[05-Mar-2021 15:11:07 UTC] PHP   5. ajax_filter_function() C:\Users\COBNETCKNN\Local Sites\howcroatia\app\public\wp-includes\class-wp-hook.php:287
[05-Mar-2021 15:11:07 UTC] PHP Warning:  Invalid argument supplied for foreach() in C:\Users\COBNETCKNN\Local Sites\howcroatia\app\public\wp-content\themes\wp-howcroatia\functions.php on line 85
[05-Mar-2021 15:11:07 UTC] PHP Stack trace:
[05-Mar-2021 15:11:07 UTC] PHP   1. {main}() C:\Users\COBNETCKNN\Local Sites\howcroatia\app\public\wp-admin\admin-ajax.php:0
[05-Mar-2021 15:11:07 UTC] PHP   2. do_action() C:\Users\COBNETCKNN\Local Sites\howcroatia\app\public\wp-admin\admin-ajax.php:199
[05-Mar-2021 15:11:07 UTC] PHP   3. WP_Hook->do_action() C:\Users\COBNETCKNN\Local Sites\howcroatia\app\public\wp-includes\plugin.php:484
[05-Mar-2021 15:11:07 UTC] PHP   4. WP_Hook->apply_filters() C:\Users\COBNETCKNN\Local Sites\howcroatia\app\public\wp-includes\class-wp-hook.php:311
[05-Mar-2021 15:11:07 UTC] PHP   5. ajax_filter_function() C:\Users\COBNETCKNN\Local Sites\howcroatia\app\public\wp-includes\class-wp-hook.php:287
[05-Mar-2021 15:11:08 UTC] PHP Warning:  Invalid argument supplied for foreach() in C:\Users\COBNETCKNN\Local Sites\howcroatia\app\public\wp-content\themes\wp-howcroatia\functions.php on line 85
[05-Mar-2021 15:11:08 UTC] PHP Stack trace:
[05-Mar-2021 15:11:08 UTC] PHP   1. {main}() C:\Users\COBNETCKNN\Local Sites\howcroatia\app\public\wp-admin\admin-ajax.php:0
[05-Mar-2021 15:11:08 UTC] PHP   2. do_action() C:\Users\COBNETCKNN\Local Sites\howcroatia\app\public\wp-admin\admin-ajax.php:199
[05-Mar-2021 15:11:08 UTC] PHP   3. WP_Hook->do_action() C:\Users\COBNETCKNN\Local Sites\howcroatia\app\public\wp-includes\plugin.php:484
[05-Mar-2021 15:11:08 UTC] PHP   4. WP_Hook->apply_filters() C:\Users\COBNETCKNN\Local Sites\howcroatia\app\public\wp-includes\class-wp-hook.php:311
[05-Mar-2021 15:11:08 UTC] PHP   5. ajax_filter_function() C:\Users\COBNETCKNN\Local Sites\howcroatia\app\public\wp-includes\class-wp-hook.php:287
[05-Mar-2021 15:11:08 UTC] PHP Warning:  Invalid argument supplied for foreach() in C:\Users\COBNETCKNN\Local Sites\howcroatia\app\public\wp-content\themes\wp-howcroatia\functions.php on line 85
[05-Mar-2021 15:11:08 UTC] PHP Stack trace:
[05-Mar-2021 15:11:08 UTC] PHP   1. {main}() C:\Users\COBNETCKNN\Local Sites\howcroatia\app\public\wp-admin\admin-ajax.php:0
[05-Mar-2021 15:11:08 UTC] PHP   2. do_action() C:\Users\COBNETCKNN\Local Sites\howcroatia\app\public\wp-admin\admin-ajax.php:199
[05-Mar-2021 15:11:08 UTC] PHP   3. WP_Hook->do_action() C:\Users\COBNETCKNN\Local Sites\howcroatia\app\public\wp-includes\plugin.php:484
[05-Mar-2021 15:11:08 UTC] PHP   4. WP_Hook->apply_filters() C:\Users\COBNETCKNN\Local Sites\howcroatia\app\public\wp-includes\class-wp-hook.php:311
[05-Mar-2021 15:11:08 UTC] PHP   5. ajax_filter_function() C:\Users\COBNETCKNN\Local Sites\howcroatia\app\public\wp-includes\class-wp-hook.php:287
[05-Mar-2021 15:11:08 UTC] PHP Warning:  Invalid argument supplied for foreach() in C:\Users\COBNETCKNN\Local Sites\howcroatia\app\public\wp-content\themes\wp-howcroatia\functions.php on line 85
[05-Mar-2021 15:11:08 UTC] PHP Stack trace:
[05-Mar-2021 15:11:08 UTC] PHP   1. {main}() C:\Users\COBNETCKNN\Local Sites\howcroatia\app\public\wp-admin\admin-ajax.php:0
[05-Mar-2021 15:11:08 UTC] PHP   2. do_action() C:\Users\COBNETCKNN\Local Sites\howcroatia\app\public\wp-admin\admin-ajax.php:199
[05-Mar-2021 15:11:08 UTC] PHP   3. WP_Hook->do_action() C:\Users\COBNETCKNN\Local Sites\howcroatia\app\public\wp-includes\plugin.php:484
[05-Mar-2021 15:11:08 UTC] PHP   4. WP_Hook->apply_filters() C:\Users\COBNETCKNN\Local Sites\howcroatia\app\public\wp-includes\class-wp-hook.php:311
[05-Mar-2021 15:11:08 UTC] PHP   5. ajax_filter_function() C:\Users\COBNETCKNN\Local Sites\howcroatia\app\public\wp-includes\class-wp-hook.php:287
[05-Mar-2021 15:11:09 UTC] PHP Warning:  Invalid argument supplied for foreach() in C:\Users\COBNETCKNN\Local Sites\howcroatia\app\public\wp-content\themes\wp-howcroatia\functions.php on line 85
[05-Mar-2021 15:11:09 UTC] PHP Stack trace:
[05-Mar-2021 15:11:09 UTC] PHP   1. {main}() C:\Users\COBNETCKNN\Local Sites\howcroatia\app\public\wp-admin\admin-ajax.php:0
[05-Mar-2021 15:11:09 UTC] PHP   2. do_action() C:\Users\COBNETCKNN\Local Sites\howcroatia\app\public\wp-admin\admin-ajax.php:199
[05-Mar-2021 15:11:09 UTC] PHP   3. WP_Hook->do_action() C:\Users\COBNETCKNN\Local Sites\howcroatia\app\public\wp-includes\plugin.php:484
[05-Mar-2021 15:11:09 UTC] PHP   4. WP_Hook->apply_filters() C:\Users\COBNETCKNN\Local Sites\howcroatia\app\public\wp-includes\class-wp-hook.php:311
[05-Mar-2021 15:11:09 UTC] PHP   5. ajax_filter_function() C:\Users\COBNETCKNN\Local Sites\howcroatia\app\public\wp-includes\class-wp-hook.php:287
[05-Mar-2021 15:11:09 UTC] PHP Warning:  Invalid argument supplied for foreach() in C:\Users\COBNETCKNN\Local Sites\howcroatia\app\public\wp-content\themes\wp-howcroatia\functions.php on line 85
[05-Mar-2021 15:11:09 UTC] PHP Stack trace:
[05-Mar-2021 15:11:09 UTC] PHP   1. {main}() C:\Users\COBNETCKNN\Local Sites\howcroatia\app\public\wp-admin\admin-ajax.php:0
[05-Mar-2021 15:11:09 UTC] PHP   2. do_action() C:\Users\COBNETCKNN\Local Sites\howcroatia\app\public\wp-admin\admin-ajax.php:199
[05-Mar-2021 15:11:09 UTC] PHP   3. WP_Hook->do_action() C:\Users\COBNETCKNN\Local Sites\howcroatia\app\public\wp-includes\plugin.php:484
[05-Mar-2021 15:11:09 UTC] PHP   4. WP_Hook->apply_filters() C:\Users\COBNETCKNN\Local Sites\howcroatia\app\public\wp-includes\class-wp-hook.php:311
[05-Mar-2021 15:11:09 UTC] PHP   5. ajax_filter_function() C:\Users\COBNETCKNN\Local Sites\howcroatia\app\public\wp-includes\class-wp-hook.php:287
[05-Mar-2021 15:11:09 UTC] PHP Warning:  Invalid argument supplied for foreach() in C:\Users\COBNETCKNN\Local Sites\howcroatia\app\public\wp-content\themes\wp-howcroatia\functions.php on line 85
[05-Mar-2021 15:11:09 UTC] PHP Stack trace:
[05-Mar-2021 15:11:09 UTC] PHP   1. {main}() C:\Users\COBNETCKNN\Local Sites\howcroatia\app\public\wp-admin\admin-ajax.php:0
[05-Mar-2021 15:11:09 UTC] PHP   2. do_action() C:\Users\COBNETCKNN\Local Sites\howcroatia\app\public\wp-admin\admin-ajax.php:199
[05-Mar-2021 15:11:09 UTC] PHP   3. WP_Hook->do_action() C:\Users\COBNETCKNN\Local Sites\howcroatia\app\public\wp-includes\plugin.php:484
[05-Mar-2021 15:11:09 UTC] PHP   4. WP_Hook->apply_filters() C:\Users\COBNETCKNN\Local Sites\howcroatia\app\public\wp-includes\class-wp-hook.php:311
[05-Mar-2021 15:11:09 UTC] PHP   5. ajax_filter_function() C:\Users\COBNETCKNN\Local Sites\howcroatia\app\public\wp-includes\class-wp-hook.php:287
[05-Mar-2021 15:19:15 UTC] PHP Parse error:  syntax error, unexpected ''exclude'' (T_CONSTANT_ENCAPSED_STRING), expecting ')' in C:\Users\COBNETCKNN\Local Sites\howcroatia\app\public\wp-content\themes\wp-howcroatia\functions.php on line 63
[05-Mar-2021 15:19:16 UTC] PHP Parse error:  syntax error, unexpected ''exclude'' (T_CONSTANT_ENCAPSED_STRING), expecting ')' in C:\Users\COBNETCKNN\Local Sites\howcroatia\app\public\wp-content\themes\wp-howcroatia\functions.php on line 63
